2017-10-01 15:31:40,572 ==== AbstractApplicationContext.java ==== thread: restartedMain ==== WARN    >
org.springframework.context.support.AbstractApplicationContext.refresh() => [] (line: 557)
	Exception encountered during context initialization - cancelling refresh attempt: org.springframework.beans.factory.UnsatisfiedDependencyException: Error creating bean with name 'album' defined in file [C:\Users\heath\git\samples\aboutme\target\classes\com\example\aboutme\Album.class]: Unsatisfied dependency expressed through constructor parameter 0; nested exception is org.springframework.beans.factory.NoSuchBeanDefinitionException: No qualifying bean of type 'java.lang.String' available: expected at least 1 bean which qualifies as autowire candidate. Dependency annotations: {}

2017-10-01 15:31:40,657 ==== LoggingFailureAnalysisReporter.java ==== thread: restartedMain ==== ERROR   >
org.springframework.boot.diagnostics.LoggingFailureAnalysisReporter.report() => [] (line: 42)
	

***************************
APPLICATION FAILED TO START
***************************

Description:

Parameter 0 of constructor in com.example.aboutme.Album required a bean of type 'java.lang.String' that could not be found.


Action:

Consider defining a bean of type 'java.lang.String' in your configuration.


2017-10-01 15:32:20,650 ==== AbstractApplicationContext.java ==== thread: restartedMain ==== WARN    >
org.springframework.context.support.AbstractApplicationContext.refresh() => [] (line: 557)
	Exception encountered during context initialization - cancelling refresh attempt: org.springframework.beans.factory.UnsatisfiedDependencyException: Error creating bean with name 'album' defined in file [C:\Users\heath\git\samples\aboutme\target\classes\com\example\aboutme\Album.class]: Unsatisfied dependency expressed through constructor parameter 0; nested exception is org.springframework.beans.factory.NoSuchBeanDefinitionException: No qualifying bean of type 'java.lang.String' available: expected at least 1 bean which qualifies as autowire candidate. Dependency annotations: {}

2017-10-01 15:32:20,734 ==== LoggingFailureAnalysisReporter.java ==== thread: restartedMain ==== ERROR   >
org.springframework.boot.diagnostics.LoggingFailureAnalysisReporter.report() => [] (line: 42)
	

***************************
APPLICATION FAILED TO START
***************************

Description:

Parameter 0 of constructor in com.example.aboutme.Album required a bean of type 'java.lang.String' that could not be found.


Action:

Consider defining a bean of type 'java.lang.String' in your configuration.


2017-10-01 15:32:32,526 ==== AbstractApplicationContext.java ==== thread: restartedMain ==== WARN    >
org.springframework.context.support.AbstractApplicationContext.refresh() => [] (line: 557)
	Exception encountered during context initialization - cancelling refresh attempt: org.springframework.beans.factory.BeanCreationException: Error creating bean with name 'album': Lookup method resolution failed; nested exception is java.lang.IllegalStateException: Failed to introspect Class [com.example.aboutme.Album] from ClassLoader [org.springframework.boot.devtools.restart.classloader.RestartClassLoader@2a4db59f]

2017-10-01 15:32:32,526 ==== SpringApplication.java ==== thread: restartedMain ==== ERROR   >
org.springframework.boot.SpringApplication.reportFailure() => [] (line: 832)
	Application startup failed

org.springframework.beans.factory.BeanCreationException: Error creating bean with name 'album': Lookup method resolution failed; nested exception is java.lang.IllegalStateException: Failed to introspect Class [com.example.aboutme.Album] from ClassLoader [org.springframework.boot.devtools.restart.classloader.RestartClassLoader@2a4db59f]
	at org.springframework.beans.factory.annotation.AutowiredAnnotationBeanPostProcessor.determineCandidateConstructors(AutowiredAnnotationBeanPostProcessor.java:282) ~[spring-beans-5.0.0.RC4.jar:5.0.0.RC4]
	at org.springframework.beans.factory.support.AbstractAutowireCapableBeanFactory.determineConstructorsFromBeanPostProcessors(AbstractAutowireCapableBeanFactory.java:1197) ~[spring-beans-5.0.0.RC4.jar:5.0.0.RC4]
	at org.springframework.beans.factory.support.AbstractAutowireCapableBeanFactory.createBeanInstance(AbstractAutowireCapableBeanFactory.java:1122) ~[spring-beans-5.0.0.RC4.jar:5.0.0.RC4]
	at org.springframework.beans.factory.support.AbstractAutowireCapableBeanFactory.doCreateBean(AbstractAutowireCapableBeanFactory.java:545) ~[spring-beans-5.0.0.RC4.jar:5.0.0.RC4]
	at org.springframework.beans.factory.support.AbstractAutowireCapableBeanFactory.createBean(AbstractAutowireCapableBeanFactory.java:502) ~[spring-beans-5.0.0.RC4.jar:5.0.0.RC4]
	at org.springframework.beans.factory.support.AbstractBeanFactory.lambda$doGetBean$0(AbstractBeanFactory.java:312) ~[spring-beans-5.0.0.RC4.jar:5.0.0.RC4]
	at org.springframework.beans.factory.support.DefaultSingletonBeanRegistry.getSingleton(DefaultSingletonBeanRegistry.java:228) ~[spring-beans-5.0.0.RC4.jar:5.0.0.RC4]
	at org.springframework.beans.factory.support.AbstractBeanFactory.doGetBean(AbstractBeanFactory.java:310) ~[spring-beans-5.0.0.RC4.jar:5.0.0.RC4]
	at org.springframework.beans.factory.support.AbstractBeanFactory.getBean(AbstractBeanFactory.java:200) ~[spring-beans-5.0.0.RC4.jar:5.0.0.RC4]
	at org.springframework.beans.factory.support.DefaultListableBeanFactory.preInstantiateSingletons(DefaultListableBeanFactory.java:756) ~[spring-beans-5.0.0.RC4.jar:5.0.0.RC4]
	at org.springframework.context.support.AbstractApplicationContext.finishBeanFactoryInitialization(AbstractApplicationContext.java:868) ~[spring-context-5.0.0.RC4.jar:5.0.0.RC4]
	at org.springframework.context.support.AbstractApplicationContext.refresh(AbstractApplicationContext.java:549) ~[spring-context-5.0.0.RC4.jar:5.0.0.RC4]
	at org.springframework.boot.web.servlet.context.ServletWebServerApplicationContext.refresh(ServletWebServerApplicationContext.java:122) ~[spring-boot-2.0.0.M4.jar:2.0.0.M4]
	at org.springframework.boot.SpringApplication.refresh(SpringApplication.java:750) [spring-boot-2.0.0.M4.jar:2.0.0.M4]
	at org.springframework.boot.SpringApplication.refreshContext(SpringApplication.java:386) [spring-boot-2.0.0.M4.jar:2.0.0.M4]
	at org.springframework.boot.SpringApplication.run(SpringApplication.java:327) [spring-boot-2.0.0.M4.jar:2.0.0.M4]
	at org.springframework.boot.SpringApplication.run(SpringApplication.java:1245) [spring-boot-2.0.0.M4.jar:2.0.0.M4]
	at org.springframework.boot.SpringApplication.run(SpringApplication.java:1233) [spring-boot-2.0.0.M4.jar:2.0.0.M4]
	at com.example.aboutme.AboutmeApplication.main(AboutmeApplication.java:18) [classes/:?]
	at sun.reflect.NativeMethodAccessorImpl.invoke0(Native Method) ~[?:1.8.0_131]
	at sun.reflect.NativeMethodAccessorImpl.invoke(NativeMethodAccessorImpl.java:62) ~[?:1.8.0_131]
	at sun.reflect.DelegatingMethodAccessorImpl.invoke(DelegatingMethodAccessorImpl.java:43) ~[?:1.8.0_131]
	at java.lang.reflect.Method.invoke(Method.java:498) ~[?:1.8.0_131]
	at org.springframework.boot.devtools.restart.RestartLauncher.run(RestartLauncher.java:49) [spring-boot-devtools-2.0.0.M4.jar:2.0.0.M4]
Caused by: java.lang.IllegalStateException: Failed to introspect Class [com.example.aboutme.Album] from ClassLoader [org.springframework.boot.devtools.restart.classloader.RestartClassLoader@2a4db59f]
	at org.springframework.util.ReflectionUtils.getDeclaredMethods(ReflectionUtils.java:659) ~[spring-core-5.0.0.RC4.jar:5.0.0.RC4]
	at org.springframework.util.ReflectionUtils.doWithMethods(ReflectionUtils.java:556) ~[spring-core-5.0.0.RC4.jar:5.0.0.RC4]
	at org.springframework.util.ReflectionUtils.doWithMethods(ReflectionUtils.java:541) ~[spring-core-5.0.0.RC4.jar:5.0.0.RC4]
	at org.springframework.beans.factory.annotation.AutowiredAnnotationBeanPostProcessor.determineCandidateConstructors(AutowiredAnnotationBeanPostProcessor.java:265) ~[spring-beans-5.0.0.RC4.jar:5.0.0.RC4]
	... 23 more
Caused by: java.lang.NoClassDefFoundError: nString
	at java.lang.Class.getDeclaredMethods0(Native Method) ~[?:1.8.0_131]
	at java.lang.Class.privateGetDeclaredMethods(Class.java:2701) ~[?:1.8.0_131]
	at java.lang.Class.getDeclaredMethods(Class.java:1975) ~[?:1.8.0_131]
	at org.springframework.util.ReflectionUtils.getDeclaredMethods(ReflectionUtils.java:641) ~[spring-core-5.0.0.RC4.jar:5.0.0.RC4]
	at org.springframework.util.ReflectionUtils.doWithMethods(ReflectionUtils.java:556) ~[spring-core-5.0.0.RC4.jar:5.0.0.RC4]
	at org.springframework.util.ReflectionUtils.doWithMethods(ReflectionUtils.java:541) ~[spring-core-5.0.0.RC4.jar:5.0.0.RC4]
	at org.springframework.beans.factory.annotation.AutowiredAnnotationBeanPostProcessor.determineCandidateConstructors(AutowiredAnnotationBeanPostProcessor.java:265) ~[spring-beans-5.0.0.RC4.jar:5.0.0.RC4]
	... 23 more
Caused by: java.lang.ClassNotFoundException: nString
	at java.net.URLClassLoader.findClass(URLClassLoader.java:381) ~[?:1.8.0_131]
	at java.lang.ClassLoader.loadClass(ClassLoader.java:424) ~[?:1.8.0_131]
	at sun.misc.Launcher$AppClassLoader.loadClass(Launcher.java:335) ~[?:1.8.0_131]
	at java.lang.ClassLoader.loadClass(ClassLoader.java:357) ~[?:1.8.0_131]
	at org.springframework.boot.devtools.restart.classloader.RestartClassLoader.loadClass(RestartClassLoader.java:147) ~[spring-boot-devtools-2.0.0.M4.jar:2.0.0.M4]
	at java.lang.ClassLoader.loadClass(ClassLoader.java:357) ~[?:1.8.0_131]
	at java.lang.Class.getDeclaredMethods0(Native Method) ~[?:1.8.0_131]
	at java.lang.Class.privateGetDeclaredMethods(Class.java:2701) ~[?:1.8.0_131]
	at java.lang.Class.getDeclaredMethods(Class.java:1975) ~[?:1.8.0_131]
	at org.springframework.util.ReflectionUtils.getDeclaredMethods(ReflectionUtils.java:641) ~[spring-core-5.0.0.RC4.jar:5.0.0.RC4]
	at org.springframework.util.ReflectionUtils.doWithMethods(ReflectionUtils.java:556) ~[spring-core-5.0.0.RC4.jar:5.0.0.RC4]
	at org.springframework.util.ReflectionUtils.doWithMethods(ReflectionUtils.java:541) ~[spring-core-5.0.0.RC4.jar:5.0.0.RC4]
	at org.springframework.beans.factory.annotation.AutowiredAnnotationBeanPostProcessor.determineCandidateConstructors(AutowiredAnnotationBeanPostProcessor.java:265) ~[spring-beans-5.0.0.RC4.jar:5.0.0.RC4]
	... 23 more
2017-10-01 15:34:44,475 ==== AbstractApplicationContext.java ==== thread: restartedMain ==== WARN    >
org.springframework.context.support.AbstractApplicationContext.refresh() => [] (line: 557)
	Exception encountered during context initialization - cancelling refresh attempt: org.springframework.beans.factory.BeanCreationException: Error creating bean with name 'album': Lookup method resolution failed; nested exception is java.lang.IllegalStateException: Failed to introspect Class [com.example.aboutme.Album] from ClassLoader [org.springframework.boot.devtools.restart.classloader.RestartClassLoader@4ed3f61d]

2017-10-01 15:34:44,475 ==== SpringApplication.java ==== thread: restartedMain ==== ERROR   >
org.springframework.boot.SpringApplication.reportFailure() => [] (line: 832)
	Application startup failed

org.springframework.beans.factory.BeanCreationException: Error creating bean with name 'album': Lookup method resolution failed; nested exception is java.lang.IllegalStateException: Failed to introspect Class [com.example.aboutme.Album] from ClassLoader [org.springframework.boot.devtools.restart.classloader.RestartClassLoader@4ed3f61d]
	at org.springframework.beans.factory.annotation.AutowiredAnnotationBeanPostProcessor.determineCandidateConstructors(AutowiredAnnotationBeanPostProcessor.java:282) ~[spring-beans-5.0.0.RC4.jar:5.0.0.RC4]
	at org.springframework.beans.factory.support.AbstractAutowireCapableBeanFactory.determineConstructorsFromBeanPostProcessors(AbstractAutowireCapableBeanFactory.java:1197) ~[spring-beans-5.0.0.RC4.jar:5.0.0.RC4]
	at org.springframework.beans.factory.support.AbstractAutowireCapableBeanFactory.createBeanInstance(AbstractAutowireCapableBeanFactory.java:1122) ~[spring-beans-5.0.0.RC4.jar:5.0.0.RC4]
	at org.springframework.beans.factory.support.AbstractAutowireCapableBeanFactory.doCreateBean(AbstractAutowireCapableBeanFactory.java:545) ~[spring-beans-5.0.0.RC4.jar:5.0.0.RC4]
	at org.springframework.beans.factory.support.AbstractAutowireCapableBeanFactory.createBean(AbstractAutowireCapableBeanFactory.java:502) ~[spring-beans-5.0.0.RC4.jar:5.0.0.RC4]
	at org.springframework.beans.factory.support.AbstractBeanFactory.lambda$doGetBean$0(AbstractBeanFactory.java:312) ~[spring-beans-5.0.0.RC4.jar:5.0.0.RC4]
	at org.springframework.beans.factory.support.DefaultSingletonBeanRegistry.getSingleton(DefaultSingletonBeanRegistry.java:228) ~[spring-beans-5.0.0.RC4.jar:5.0.0.RC4]
	at org.springframework.beans.factory.support.AbstractBeanFactory.doGetBean(AbstractBeanFactory.java:310) ~[spring-beans-5.0.0.RC4.jar:5.0.0.RC4]
	at org.springframework.beans.factory.support.AbstractBeanFactory.getBean(AbstractBeanFactory.java:200) ~[spring-beans-5.0.0.RC4.jar:5.0.0.RC4]
	at org.springframework.beans.factory.support.DefaultListableBeanFactory.preInstantiateSingletons(DefaultListableBeanFactory.java:756) ~[spring-beans-5.0.0.RC4.jar:5.0.0.RC4]
	at org.springframework.context.support.AbstractApplicationContext.finishBeanFactoryInitialization(AbstractApplicationContext.java:868) ~[spring-context-5.0.0.RC4.jar:5.0.0.RC4]
	at org.springframework.context.support.AbstractApplicationContext.refresh(AbstractApplicationContext.java:549) ~[spring-context-5.0.0.RC4.jar:5.0.0.RC4]
	at org.springframework.boot.web.servlet.context.ServletWebServerApplicationContext.refresh(ServletWebServerApplicationContext.java:122) ~[spring-boot-2.0.0.M4.jar:2.0.0.M4]
	at org.springframework.boot.SpringApplication.refresh(SpringApplication.java:750) [spring-boot-2.0.0.M4.jar:2.0.0.M4]
	at org.springframework.boot.SpringApplication.refreshContext(SpringApplication.java:386) [spring-boot-2.0.0.M4.jar:2.0.0.M4]
	at org.springframework.boot.SpringApplication.run(SpringApplication.java:327) [spring-boot-2.0.0.M4.jar:2.0.0.M4]
	at org.springframework.boot.SpringApplication.run(SpringApplication.java:1245) [spring-boot-2.0.0.M4.jar:2.0.0.M4]
	at org.springframework.boot.SpringApplication.run(SpringApplication.java:1233) [spring-boot-2.0.0.M4.jar:2.0.0.M4]
	at com.example.aboutme.AboutmeApplication.main(AboutmeApplication.java:18) [classes/:?]
	at sun.reflect.NativeMethodAccessorImpl.invoke0(Native Method) ~[?:1.8.0_131]
	at sun.reflect.NativeMethodAccessorImpl.invoke(NativeMethodAccessorImpl.java:62) ~[?:1.8.0_131]
	at sun.reflect.DelegatingMethodAccessorImpl.invoke(DelegatingMethodAccessorImpl.java:43) ~[?:1.8.0_131]
	at java.lang.reflect.Method.invoke(Method.java:498) ~[?:1.8.0_131]
	at org.springframework.boot.devtools.restart.RestartLauncher.run(RestartLauncher.java:49) [spring-boot-devtools-2.0.0.M4.jar:2.0.0.M4]
Caused by: java.lang.IllegalStateException: Failed to introspect Class [com.example.aboutme.Album] from ClassLoader [org.springframework.boot.devtools.restart.classloader.RestartClassLoader@4ed3f61d]
	at org.springframework.util.ReflectionUtils.getDeclaredMethods(ReflectionUtils.java:659) ~[spring-core-5.0.0.RC4.jar:5.0.0.RC4]
	at org.springframework.util.ReflectionUtils.doWithMethods(ReflectionUtils.java:556) ~[spring-core-5.0.0.RC4.jar:5.0.0.RC4]
	at org.springframework.util.ReflectionUtils.doWithMethods(ReflectionUtils.java:541) ~[spring-core-5.0.0.RC4.jar:5.0.0.RC4]
	at org.springframework.beans.factory.annotation.AutowiredAnnotationBeanPostProcessor.determineCandidateConstructors(AutowiredAnnotationBeanPostProcessor.java:265) ~[spring-beans-5.0.0.RC4.jar:5.0.0.RC4]
	... 23 more
Caused by: java.lang.NoClassDefFoundError: nString
	at java.lang.Class.getDeclaredMethods0(Native Method) ~[?:1.8.0_131]
	at java.lang.Class.privateGetDeclaredMethods(Class.java:2701) ~[?:1.8.0_131]
	at java.lang.Class.getDeclaredMethods(Class.java:1975) ~[?:1.8.0_131]
	at org.springframework.util.ReflectionUtils.getDeclaredMethods(ReflectionUtils.java:641) ~[spring-core-5.0.0.RC4.jar:5.0.0.RC4]
	at org.springframework.util.ReflectionUtils.doWithMethods(ReflectionUtils.java:556) ~[spring-core-5.0.0.RC4.jar:5.0.0.RC4]
	at org.springframework.util.ReflectionUtils.doWithMethods(ReflectionUtils.java:541) ~[spring-core-5.0.0.RC4.jar:5.0.0.RC4]
	at org.springframework.beans.factory.annotation.AutowiredAnnotationBeanPostProcessor.determineCandidateConstructors(AutowiredAnnotationBeanPostProcessor.java:265) ~[spring-beans-5.0.0.RC4.jar:5.0.0.RC4]
	... 23 more
Caused by: java.lang.ClassNotFoundException: nString
	at java.net.URLClassLoader.findClass(URLClassLoader.java:381) ~[?:1.8.0_131]
	at java.lang.ClassLoader.loadClass(ClassLoader.java:424) ~[?:1.8.0_131]
	at sun.misc.Launcher$AppClassLoader.loadClass(Launcher.java:335) ~[?:1.8.0_131]
	at java.lang.ClassLoader.loadClass(ClassLoader.java:357) ~[?:1.8.0_131]
	at org.springframework.boot.devtools.restart.classloader.RestartClassLoader.loadClass(RestartClassLoader.java:147) ~[spring-boot-devtools-2.0.0.M4.jar:2.0.0.M4]
	at java.lang.ClassLoader.loadClass(ClassLoader.java:357) ~[?:1.8.0_131]
	at java.lang.Class.getDeclaredMethods0(Native Method) ~[?:1.8.0_131]
	at java.lang.Class.privateGetDeclaredMethods(Class.java:2701) ~[?:1.8.0_131]
	at java.lang.Class.getDeclaredMethods(Class.java:1975) ~[?:1.8.0_131]
	at org.springframework.util.ReflectionUtils.getDeclaredMethods(ReflectionUtils.java:641) ~[spring-core-5.0.0.RC4.jar:5.0.0.RC4]
	at org.springframework.util.ReflectionUtils.doWithMethods(ReflectionUtils.java:556) ~[spring-core-5.0.0.RC4.jar:5.0.0.RC4]
	at org.springframework.util.ReflectionUtils.doWithMethods(ReflectionUtils.java:541) ~[spring-core-5.0.0.RC4.jar:5.0.0.RC4]
	at org.springframework.beans.factory.annotation.AutowiredAnnotationBeanPostProcessor.determineCandidateConstructors(AutowiredAnnotationBeanPostProcessor.java:265) ~[spring-beans-5.0.0.RC4.jar:5.0.0.RC4]
	... 23 more
2017-10-01 15:35:10,443 ==== AbstractApplicationContext.java ==== thread: restartedMain ==== WARN    >
org.springframework.context.support.AbstractApplicationContext.refresh() => [] (line: 557)
	Exception encountered during context initialization - cancelling refresh attempt: org.springframework.beans.factory.BeanCreationException: Error creating bean with name 'album': Lookup method resolution failed; nested exception is java.lang.IllegalStateException: Failed to introspect Class [com.example.aboutme.Album] from ClassLoader [org.springframework.boot.devtools.restart.classloader.RestartClassLoader@6c28dc00]

2017-10-01 15:35:10,448 ==== SpringApplication.java ==== thread: restartedMain ==== ERROR   >
org.springframework.boot.SpringApplication.reportFailure() => [] (line: 832)
	Application startup failed

org.springframework.beans.factory.BeanCreationException: Error creating bean with name 'album': Lookup method resolution failed; nested exception is java.lang.IllegalStateException: Failed to introspect Class [com.example.aboutme.Album] from ClassLoader [org.springframework.boot.devtools.restart.classloader.RestartClassLoader@6c28dc00]
	at org.springframework.beans.factory.annotation.AutowiredAnnotationBeanPostProcessor.determineCandidateConstructors(AutowiredAnnotationBeanPostProcessor.java:282) ~[spring-beans-5.0.0.RC4.jar:5.0.0.RC4]
	at org.springframework.beans.factory.support.AbstractAutowireCapableBeanFactory.determineConstructorsFromBeanPostProcessors(AbstractAutowireCapableBeanFactory.java:1197) ~[spring-beans-5.0.0.RC4.jar:5.0.0.RC4]
	at org.springframework.beans.factory.support.AbstractAutowireCapableBeanFactory.createBeanInstance(AbstractAutowireCapableBeanFactory.java:1122) ~[spring-beans-5.0.0.RC4.jar:5.0.0.RC4]
	at org.springframework.beans.factory.support.AbstractAutowireCapableBeanFactory.doCreateBean(AbstractAutowireCapableBeanFactory.java:545) ~[spring-beans-5.0.0.RC4.jar:5.0.0.RC4]
	at org.springframework.beans.factory.support.AbstractAutowireCapableBeanFactory.createBean(AbstractAutowireCapableBeanFactory.java:502) ~[spring-beans-5.0.0.RC4.jar:5.0.0.RC4]
	at org.springframework.beans.factory.support.AbstractBeanFactory.lambda$doGetBean$0(AbstractBeanFactory.java:312) ~[spring-beans-5.0.0.RC4.jar:5.0.0.RC4]
	at org.springframework.beans.factory.support.DefaultSingletonBeanRegistry.getSingleton(DefaultSingletonBeanRegistry.java:228) ~[spring-beans-5.0.0.RC4.jar:5.0.0.RC4]
	at org.springframework.beans.factory.support.AbstractBeanFactory.doGetBean(AbstractBeanFactory.java:310) ~[spring-beans-5.0.0.RC4.jar:5.0.0.RC4]
	at org.springframework.beans.factory.support.AbstractBeanFactory.getBean(AbstractBeanFactory.java:200) ~[spring-beans-5.0.0.RC4.jar:5.0.0.RC4]
	at org.springframework.beans.factory.support.DefaultListableBeanFactory.preInstantiateSingletons(DefaultListableBeanFactory.java:756) ~[spring-beans-5.0.0.RC4.jar:5.0.0.RC4]
	at org.springframework.context.support.AbstractApplicationContext.finishBeanFactoryInitialization(AbstractApplicationContext.java:868) ~[spring-context-5.0.0.RC4.jar:5.0.0.RC4]
	at org.springframework.context.support.AbstractApplicationContext.refresh(AbstractApplicationContext.java:549) ~[spring-context-5.0.0.RC4.jar:5.0.0.RC4]
	at org.springframework.boot.web.servlet.context.ServletWebServerApplicationContext.refresh(ServletWebServerApplicationContext.java:122) ~[spring-boot-2.0.0.M4.jar:2.0.0.M4]
	at org.springframework.boot.SpringApplication.refresh(SpringApplication.java:750) [spring-boot-2.0.0.M4.jar:2.0.0.M4]
	at org.springframework.boot.SpringApplication.refreshContext(SpringApplication.java:386) [spring-boot-2.0.0.M4.jar:2.0.0.M4]
	at org.springframework.boot.SpringApplication.run(SpringApplication.java:327) [spring-boot-2.0.0.M4.jar:2.0.0.M4]
	at org.springframework.boot.SpringApplication.run(SpringApplication.java:1245) [spring-boot-2.0.0.M4.jar:2.0.0.M4]
	at org.springframework.boot.SpringApplication.run(SpringApplication.java:1233) [spring-boot-2.0.0.M4.jar:2.0.0.M4]
	at com.example.aboutme.AboutmeApplication.main(AboutmeApplication.java:18) [classes/:?]
	at sun.reflect.NativeMethodAccessorImpl.invoke0(Native Method) ~[?:1.8.0_131]
	at sun.reflect.NativeMethodAccessorImpl.invoke(NativeMethodAccessorImpl.java:62) ~[?:1.8.0_131]
	at sun.reflect.DelegatingMethodAccessorImpl.invoke(DelegatingMethodAccessorImpl.java:43) ~[?:1.8.0_131]
	at java.lang.reflect.Method.invoke(Method.java:498) ~[?:1.8.0_131]
	at org.springframework.boot.devtools.restart.RestartLauncher.run(RestartLauncher.java:49) [spring-boot-devtools-2.0.0.M4.jar:2.0.0.M4]
Caused by: java.lang.IllegalStateException: Failed to introspect Class [com.example.aboutme.Album] from ClassLoader [org.springframework.boot.devtools.restart.classloader.RestartClassLoader@6c28dc00]
	at org.springframework.util.ReflectionUtils.getDeclaredMethods(ReflectionUtils.java:659) ~[spring-core-5.0.0.RC4.jar:5.0.0.RC4]
	at org.springframework.util.ReflectionUtils.doWithMethods(ReflectionUtils.java:556) ~[spring-core-5.0.0.RC4.jar:5.0.0.RC4]
	at org.springframework.util.ReflectionUtils.doWithMethods(ReflectionUtils.java:541) ~[spring-core-5.0.0.RC4.jar:5.0.0.RC4]
	at org.springframework.beans.factory.annotation.AutowiredAnnotationBeanPostProcessor.determineCandidateConstructors(AutowiredAnnotationBeanPostProcessor.java:265) ~[spring-beans-5.0.0.RC4.jar:5.0.0.RC4]
	... 23 more
Caused by: java.lang.NoClassDefFoundError: nString
	at java.lang.Class.getDeclaredMethods0(Native Method) ~[?:1.8.0_131]
	at java.lang.Class.privateGetDeclaredMethods(Class.java:2701) ~[?:1.8.0_131]
	at java.lang.Class.getDeclaredMethods(Class.java:1975) ~[?:1.8.0_131]
	at org.springframework.util.ReflectionUtils.getDeclaredMethods(ReflectionUtils.java:641) ~[spring-core-5.0.0.RC4.jar:5.0.0.RC4]
	at org.springframework.util.ReflectionUtils.doWithMethods(ReflectionUtils.java:556) ~[spring-core-5.0.0.RC4.jar:5.0.0.RC4]
	at org.springframework.util.ReflectionUtils.doWithMethods(ReflectionUtils.java:541) ~[spring-core-5.0.0.RC4.jar:5.0.0.RC4]
	at org.springframework.beans.factory.annotation.AutowiredAnnotationBeanPostProcessor.determineCandidateConstructors(AutowiredAnnotationBeanPostProcessor.java:265) ~[spring-beans-5.0.0.RC4.jar:5.0.0.RC4]
	... 23 more
Caused by: java.lang.ClassNotFoundException: nString
	at java.net.URLClassLoader.findClass(URLClassLoader.java:381) ~[?:1.8.0_131]
	at java.lang.ClassLoader.loadClass(ClassLoader.java:424) ~[?:1.8.0_131]
	at sun.misc.Launcher$AppClassLoader.loadClass(Launcher.java:335) ~[?:1.8.0_131]
	at java.lang.ClassLoader.loadClass(ClassLoader.java:357) ~[?:1.8.0_131]
	at org.springframework.boot.devtools.restart.classloader.RestartClassLoader.loadClass(RestartClassLoader.java:147) ~[spring-boot-devtools-2.0.0.M4.jar:2.0.0.M4]
	at java.lang.ClassLoader.loadClass(ClassLoader.java:357) ~[?:1.8.0_131]
	at java.lang.Class.getDeclaredMethods0(Native Method) ~[?:1.8.0_131]
	at java.lang.Class.privateGetDeclaredMethods(Class.java:2701) ~[?:1.8.0_131]
	at java.lang.Class.getDeclaredMethods(Class.java:1975) ~[?:1.8.0_131]
	at org.springframework.util.ReflectionUtils.getDeclaredMethods(ReflectionUtils.java:641) ~[spring-core-5.0.0.RC4.jar:5.0.0.RC4]
	at org.springframework.util.ReflectionUtils.doWithMethods(ReflectionUtils.java:556) ~[spring-core-5.0.0.RC4.jar:5.0.0.RC4]
	at org.springframework.util.ReflectionUtils.doWithMethods(ReflectionUtils.java:541) ~[spring-core-5.0.0.RC4.jar:5.0.0.RC4]
	at org.springframework.beans.factory.annotation.AutowiredAnnotationBeanPostProcessor.determineCandidateConstructors(AutowiredAnnotationBeanPostProcessor.java:265) ~[spring-beans-5.0.0.RC4.jar:5.0.0.RC4]
	... 23 more
2017-10-01 15:35:33,773 ==== AbstractApplicationContext.java ==== thread: restartedMain ==== WARN    >
org.springframework.context.support.AbstractApplicationContext.refresh() => [] (line: 557)
	Exception encountered during context initialization - cancelling refresh attempt: org.springframework.beans.factory.UnsatisfiedDependencyException: Error creating bean with name 'album' defined in file [C:\Users\heath\git\samples\aboutme\target\classes\com\example\aboutme\Album.class]: Unsatisfied dependency expressed through constructor parameter 0; nested exception is org.springframework.beans.factory.NoSuchBeanDefinitionException: No qualifying bean of type 'java.lang.String' available: expected at least 1 bean which qualifies as autowire candidate. Dependency annotations: {}

2017-10-01 15:35:33,838 ==== LoggingFailureAnalysisReporter.java ==== thread: restartedMain ==== ERROR   >
org.springframework.boot.diagnostics.LoggingFailureAnalysisReporter.report() => [] (line: 42)
	

***************************
APPLICATION FAILED TO START
***************************

Description:

Parameter 0 of constructor in com.example.aboutme.Album required a bean of type 'java.lang.String' that could not be found.


Action:

Consider defining a bean of type 'java.lang.String' in your configuration.


2017-10-01 15:37:37,673 ==== AbstractApplicationContext.java ==== thread: restartedMain ==== WARN    >
org.springframework.context.support.AbstractApplicationContext.refresh() => [] (line: 557)
	Exception encountered during context initialization - cancelling refresh attempt: org.springframework.beans.factory.UnsatisfiedDependencyException: Error creating bean with name 'album' defined in file [C:\Users\heath\git\samples\aboutme\target\classes\com\example\aboutme\Album.class]: Unsatisfied dependency expressed through constructor parameter 0; nested exception is org.springframework.beans.factory.NoSuchBeanDefinitionException: No qualifying bean of type 'java.lang.String' available: expected at least 1 bean which qualifies as autowire candidate. Dependency annotations: {}

2017-10-01 15:37:37,752 ==== LoggingFailureAnalysisReporter.java ==== thread: restartedMain ==== ERROR   >
org.springframework.boot.diagnostics.LoggingFailureAnalysisReporter.report() => [] (line: 42)
	

***************************
APPLICATION FAILED TO START
***************************

Description:

Parameter 0 of constructor in com.example.aboutme.Album required a bean of type 'java.lang.String' that could not be found.


Action:

Consider defining a bean of type 'java.lang.String' in your configuration.


2017-10-01 15:40:18,824 ==== AbstractApplicationContext.java ==== thread: main ==== WARN    >
org.springframework.context.support.AbstractApplicationContext.refresh() => [] (line: 557)
	Exception encountered during context initialization - cancelling refresh attempt: org.springframework.beans.factory.UnsatisfiedDependencyException: Error creating bean with name 'album' defined in file [C:\Users\heath\git\samples\aboutme\target\classes\com\example\aboutme\Album.class]: Unsatisfied dependency expressed through constructor parameter 0; nested exception is org.springframework.beans.factory.NoSuchBeanDefinitionException: No qualifying bean of type 'java.lang.String' available: expected at least 1 bean which qualifies as autowire candidate. Dependency annotations: {}

2017-10-01 15:40:18,983 ==== LoggingFailureAnalysisReporter.java ==== thread: main ==== ERROR   >
org.springframework.boot.diagnostics.LoggingFailureAnalysisReporter.report() => [] (line: 42)
	

***************************
APPLICATION FAILED TO START
***************************

Description:

Parameter 0 of constructor in com.example.aboutme.Album required a bean of type 'java.lang.String' that could not be found.


Action:

Consider defining a bean of type 'java.lang.String' in your configuration.


2017-10-01 15:40:18,986 ==== TestContextManager.java ==== thread: main ==== ERROR   >
org.springframework.test.context.TestContextManager.prepareTestInstance() => [] (line: 246)
	Caught exception while allowing TestExecutionListener [org.springframework.test.context.web.ServletTestExecutionListener@6f952d6c] to prepare test instance [com.example.aboutme.AboutmeApplicationTests@5965844d]

java.lang.IllegalStateException: Failed to load ApplicationContext
	at org.springframework.test.context.cache.DefaultCacheAwareContextLoaderDelegate.loadContext(DefaultCacheAwareContextLoaderDelegate.java:125) ~[spring-test-5.0.0.RC4.jar:5.0.0.RC4]
	at org.springframework.test.context.support.DefaultTestContext.getApplicationContext(DefaultTestContext.java:107) ~[spring-test-5.0.0.RC4.jar:5.0.0.RC4]
	at org.springframework.test.context.web.ServletTestExecutionListener.setUpRequestContextIfNecessary(ServletTestExecutionListener.java:190) ~[spring-test-5.0.0.RC4.jar:5.0.0.RC4]
	at org.springframework.test.context.web.ServletTestExecutionListener.prepareTestInstance(ServletTestExecutionListener.java:132) ~[spring-test-5.0.0.RC4.jar:5.0.0.RC4]
	at org.springframework.test.context.TestContextManager.prepareTestInstance(TestContextManager.java:242) [spring-test-5.0.0.RC4.jar:5.0.0.RC4]
	at org.springframework.test.context.junit4.SpringJUnit4ClassRunner.createTest(SpringJUnit4ClassRunner.java:227) [spring-test-5.0.0.RC4.jar:5.0.0.RC4]
	at org.springframework.test.context.junit4.SpringJUnit4ClassRunner$1.runReflectiveCall(SpringJUnit4ClassRunner.java:289) [spring-test-5.0.0.RC4.jar:5.0.0.RC4]
	at org.junit.internal.runners.model.ReflectiveCallable.run(ReflectiveCallable.java:12) [junit-4.12.jar:4.12]
	at org.springframework.test.context.junit4.SpringJUnit4ClassRunner.methodBlock(SpringJUnit4ClassRunner.java:291) [spring-test-5.0.0.RC4.jar:5.0.0.RC4]
	at org.springframework.test.context.junit4.SpringJUnit4ClassRunner.runChild(SpringJUnit4ClassRunner.java:246) [spring-test-5.0.0.RC4.jar:5.0.0.RC4]
	at org.springframework.test.context.junit4.SpringJUnit4ClassRunner.runChild(SpringJUnit4ClassRunner.java:97) [spring-test-5.0.0.RC4.jar:5.0.0.RC4]
	at org.junit.runners.ParentRunner$3.run(ParentRunner.java:290) [junit-4.12.jar:4.12]
	at org.junit.runners.ParentRunner$1.schedule(ParentRunner.java:71) [junit-4.12.jar:4.12]
	at org.junit.runners.ParentRunner.runChildren(ParentRunner.java:288) [junit-4.12.jar:4.12]
	at org.junit.runners.ParentRunner.access$000(ParentRunner.java:58) [junit-4.12.jar:4.12]
	at org.junit.runners.ParentRunner$2.evaluate(ParentRunner.java:268) [junit-4.12.jar:4.12]
	at org.junit.internal.runners.statements.RunBefores.evaluate(RunBefores.java:26) [junit-4.12.jar:4.12]
	at org.springframework.test.context.junit4.statements.RunBeforeTestClassCallbacks.evaluate(RunBeforeTestClassCallbacks.java:61) [spring-test-5.0.0.RC4.jar:5.0.0.RC4]
	at org.springframework.test.context.junit4.statements.RunAfterTestClassCallbacks.evaluate(RunAfterTestClassCallbacks.java:70) [spring-test-5.0.0.RC4.jar:5.0.0.RC4]
	at org.junit.runners.ParentRunner.run(ParentRunner.java:363) [junit-4.12.jar:4.12]
	at org.springframework.test.context.junit4.SpringJUnit4ClassRunner.run(SpringJUnit4ClassRunner.java:190) [spring-test-5.0.0.RC4.jar:5.0.0.RC4]
	at org.eclipse.jdt.internal.junit4.runner.JUnit4TestReference.run(JUnit4TestReference.java:86) [.cp/:?]
	at org.eclipse.jdt.internal.junit.runner.TestExecution.run(TestExecution.java:38) [.cp/:?]
	at org.eclipse.jdt.internal.junit.runner.RemoteTestRunner.runTests(RemoteTestRunner.java:459) [.cp/:?]
	at org.eclipse.jdt.internal.junit.runner.RemoteTestRunner.runTests(RemoteTestRunner.java:678) [.cp/:?]
	at org.eclipse.jdt.internal.junit.runner.RemoteTestRunner.run(RemoteTestRunner.java:382) [.cp/:?]
	at org.eclipse.jdt.internal.junit.runner.RemoteTestRunner.main(RemoteTestRunner.java:192) [.cp/:?]
Caused by: org.springframework.beans.factory.UnsatisfiedDependencyException: Error creating bean with name 'album' defined in file [C:\Users\heath\git\samples\aboutme\target\classes\com\example\aboutme\Album.class]: Unsatisfied dependency expressed through constructor parameter 0; nested exception is org.springframework.beans.factory.NoSuchBeanDefinitionException: No qualifying bean of type 'java.lang.String' available: expected at least 1 bean which qualifies as autowire candidate. Dependency annotations: {}
	at org.springframework.beans.factory.support.ConstructorResolver.createArgumentArray(ConstructorResolver.java:745) ~[spring-beans-5.0.0.RC4.jar:5.0.0.RC4]
	at org.springframework.beans.factory.support.ConstructorResolver.autowireConstructor(ConstructorResolver.java:214) ~[spring-beans-5.0.0.RC4.jar:5.0.0.RC4]
	at org.springframework.beans.factory.support.AbstractAutowireCapableBeanFactory.autowireConstructor(AbstractAutowireCapableBeanFactory.java:1269) ~[spring-beans-5.0.0.RC4.jar:5.0.0.RC4]
	at org.springframework.beans.factory.support.AbstractAutowireCapableBeanFactory.createBeanInstance(AbstractAutowireCapableBeanFactory.java:1126) ~[spring-beans-5.0.0.RC4.jar:5.0.0.RC4]
	at org.springframework.beans.factory.support.AbstractAutowireCapableBeanFactory.doCreateBean(AbstractAutowireCapableBeanFactory.java:545) ~[spring-beans-5.0.0.RC4.jar:5.0.0.RC4]
	at org.springframework.beans.factory.support.AbstractAutowireCapableBeanFactory.createBean(AbstractAutowireCapableBeanFactory.java:502) ~[spring-beans-5.0.0.RC4.jar:5.0.0.RC4]
	at org.springframework.beans.factory.support.AbstractBeanFactory.lambda$doGetBean$0(AbstractBeanFactory.java:312) ~[spring-beans-5.0.0.RC4.jar:5.0.0.RC4]
	at org.springframework.beans.factory.support.DefaultSingletonBeanRegistry.getSingleton(DefaultSingletonBeanRegistry.java:228) ~[spring-beans-5.0.0.RC4.jar:5.0.0.RC4]
	at org.springframework.beans.factory.support.AbstractBeanFactory.doGetBean(AbstractBeanFactory.java:310) ~[spring-beans-5.0.0.RC4.jar:5.0.0.RC4]
	at org.springframework.beans.factory.support.AbstractBeanFactory.getBean(AbstractBeanFactory.java:200) ~[spring-beans-5.0.0.RC4.jar:5.0.0.RC4]
	at org.springframework.beans.factory.support.DefaultListableBeanFactory.preInstantiateSingletons(DefaultListableBeanFactory.java:756) ~[spring-beans-5.0.0.RC4.jar:5.0.0.RC4]
	at org.springframework.context.support.AbstractApplicationContext.finishBeanFactoryInitialization(AbstractApplicationContext.java:868) ~[spring-context-5.0.0.RC4.jar:5.0.0.RC4]
	at org.springframework.context.support.AbstractApplicationContext.refresh(AbstractApplicationContext.java:549) ~[spring-context-5.0.0.RC4.jar:5.0.0.RC4]
	at org.springframework.boot.SpringApplication.refresh(SpringApplication.java:750) ~[spring-boot-2.0.0.M4.jar:2.0.0.M4]
	at org.springframework.boot.SpringApplication.refreshContext(SpringApplication.java:386) ~[spring-boot-2.0.0.M4.jar:2.0.0.M4]
	at org.springframework.boot.SpringApplication.run(SpringApplication.java:327) ~[spring-boot-2.0.0.M4.jar:2.0.0.M4]
	at org.springframework.boot.test.context.SpringBootContextLoader.loadContext(SpringBootContextLoader.java:138) ~[spring-boot-test-2.0.0.M4.jar:2.0.0.M4]
	at org.springframework.test.context.cache.DefaultCacheAwareContextLoaderDelegate.loadContextInternal(DefaultCacheAwareContextLoaderDelegate.java:99) ~[spring-test-5.0.0.RC4.jar:5.0.0.RC4]
	at org.springframework.test.context.cache.DefaultCacheAwareContextLoaderDelegate.loadContext(DefaultCacheAwareContextLoaderDelegate.java:117) ~[spring-test-5.0.0.RC4.jar:5.0.0.RC4]
	... 26 more
Caused by: org.springframework.beans.factory.NoSuchBeanDefinitionException: No qualifying bean of type 'java.lang.String' available: expected at least 1 bean which qualifies as autowire candidate. Dependency annotations: {}
	at org.springframework.beans.factory.support.DefaultListableBeanFactory.raiseNoMatchingBeanFound(DefaultListableBeanFactory.java:1501) ~[spring-beans-5.0.0.RC4.jar:5.0.0.RC4]
	at org.springframework.beans.factory.support.DefaultListableBeanFactory.doResolveDependency(DefaultListableBeanFactory.java:1099) ~[spring-beans-5.0.0.RC4.jar:5.0.0.RC4]
	at org.springframework.beans.factory.support.DefaultListableBeanFactory.resolveDependency(DefaultListableBeanFactory.java:1060) ~[spring-beans-5.0.0.RC4.jar:5.0.0.RC4]
	at org.springframework.beans.factory.support.ConstructorResolver.resolveAutowiredArgument(ConstructorResolver.java:832) ~[spring-beans-5.0.0.RC4.jar:5.0.0.RC4]
	at org.springframework.beans.factory.support.ConstructorResolver.createArgumentArray(ConstructorResolver.java:737) ~[spring-beans-5.0.0.RC4.jar:5.0.0.RC4]
	at org.springframework.beans.factory.support.ConstructorResolver.autowireConstructor(ConstructorResolver.java:214) ~[spring-beans-5.0.0.RC4.jar:5.0.0.RC4]
	at org.springframework.beans.factory.support.AbstractAutowireCapableBeanFactory.autowireConstructor(AbstractAutowireCapableBeanFactory.java:1269) ~[spring-beans-5.0.0.RC4.jar:5.0.0.RC4]
	at org.springframework.beans.factory.support.AbstractAutowireCapableBeanFactory.createBeanInstance(AbstractAutowireCapableBeanFactory.java:1126) ~[spring-beans-5.0.0.RC4.jar:5.0.0.RC4]
	at org.springframework.beans.factory.support.AbstractAutowireCapableBeanFactory.doCreateBean(AbstractAutowireCapableBeanFactory.java:545) ~[spring-beans-5.0.0.RC4.jar:5.0.0.RC4]
	at org.springframework.beans.factory.support.AbstractAutowireCapableBeanFactory.createBean(AbstractAutowireCapableBeanFactory.java:502) ~[spring-beans-5.0.0.RC4.jar:5.0.0.RC4]
	at org.springframework.beans.factory.support.AbstractBeanFactory.lambda$doGetBean$0(AbstractBeanFactory.java:312) ~[spring-beans-5.0.0.RC4.jar:5.0.0.RC4]
	at org.springframework.beans.factory.support.DefaultSingletonBeanRegistry.getSingleton(DefaultSingletonBeanRegistry.java:228) ~[spring-beans-5.0.0.RC4.jar:5.0.0.RC4]
	at org.springframework.beans.factory.support.AbstractBeanFactory.doGetBean(AbstractBeanFactory.java:310) ~[spring-beans-5.0.0.RC4.jar:5.0.0.RC4]
	at org.springframework.beans.factory.support.AbstractBeanFactory.getBean(AbstractBeanFactory.java:200) ~[spring-beans-5.0.0.RC4.jar:5.0.0.RC4]
	at org.springframework.beans.factory.support.DefaultListableBeanFactory.preInstantiateSingletons(DefaultListableBeanFactory.java:756) ~[spring-beans-5.0.0.RC4.jar:5.0.0.RC4]
	at org.springframework.context.support.AbstractApplicationContext.finishBeanFactoryInitialization(AbstractApplicationContext.java:868) ~[spring-context-5.0.0.RC4.jar:5.0.0.RC4]
	at org.springframework.context.support.AbstractApplicationContext.refresh(AbstractApplicationContext.java:549) ~[spring-context-5.0.0.RC4.jar:5.0.0.RC4]
	at org.springframework.boot.SpringApplication.refresh(SpringApplication.java:750) ~[spring-boot-2.0.0.M4.jar:2.0.0.M4]
	at org.springframework.boot.SpringApplication.refreshContext(SpringApplication.java:386) ~[spring-boot-2.0.0.M4.jar:2.0.0.M4]
	at org.springframework.boot.SpringApplication.run(SpringApplication.java:327) ~[spring-boot-2.0.0.M4.jar:2.0.0.M4]
	at org.springframework.boot.test.context.SpringBootContextLoader.loadContext(SpringBootContextLoader.java:138) ~[spring-boot-test-2.0.0.M4.jar:2.0.0.M4]
	at org.springframework.test.context.cache.DefaultCacheAwareContextLoaderDelegate.loadContextInternal(DefaultCacheAwareContextLoaderDelegate.java:99) ~[spring-test-5.0.0.RC4.jar:5.0.0.RC4]
	at org.springframework.test.context.cache.DefaultCacheAwareContextLoaderDelegate.loadContext(DefaultCacheAwareContextLoaderDelegate.java:117) ~[spring-test-5.0.0.RC4.jar:5.0.0.RC4]
	... 26 more
2017-10-01 15:40:48,344 ==== AbstractApplicationContext.java ==== thread: restartedMain ==== WARN    >
org.springframework.context.support.AbstractApplicationContext.refresh() => [] (line: 557)
	Exception encountered during context initialization - cancelling refresh attempt: org.springframework.beans.factory.UnsatisfiedDependencyException: Error creating bean with name 'album' defined in file [C:\Users\heath\git\samples\aboutme\target\classes\com\example\aboutme\Album.class]: Unsatisfied dependency expressed through constructor parameter 0; nested exception is org.springframework.beans.factory.NoSuchBeanDefinitionException: No qualifying bean of type 'java.lang.String' available: expected at least 1 bean which qualifies as autowire candidate. Dependency annotations: {}

2017-10-01 15:40:48,426 ==== LoggingFailureAnalysisReporter.java ==== thread: restartedMain ==== ERROR   >
org.springframework.boot.diagnostics.LoggingFailureAnalysisReporter.report() => [] (line: 42)
	

***************************
APPLICATION FAILED TO START
***************************

Description:

Parameter 0 of constructor in com.example.aboutme.Album required a bean of type 'java.lang.String' that could not be found.


Action:

Consider defining a bean of type 'java.lang.String' in your configuration.


2017-10-01 15:41:02,847 ==== AbstractApplicationContext.java ==== thread: main ==== WARN    >
org.springframework.context.support.AbstractApplicationContext.refresh() => [] (line: 557)
	Exception encountered during context initialization - cancelling refresh attempt: org.springframework.beans.factory.UnsatisfiedDependencyException: Error creating bean with name 'album' defined in file [C:\Users\heath\git\samples\aboutme\target\classes\com\example\aboutme\Album.class]: Unsatisfied dependency expressed through constructor parameter 0; nested exception is org.springframework.beans.factory.NoSuchBeanDefinitionException: No qualifying bean of type 'java.lang.String' available: expected at least 1 bean which qualifies as autowire candidate. Dependency annotations: {}

2017-10-01 15:41:02,998 ==== LoggingFailureAnalysisReporter.java ==== thread: main ==== ERROR   >
org.springframework.boot.diagnostics.LoggingFailureAnalysisReporter.report() => [] (line: 42)
	

***************************
APPLICATION FAILED TO START
***************************

Description:

Parameter 0 of constructor in com.example.aboutme.Album required a bean of type 'java.lang.String' that could not be found.


Action:

Consider defining a bean of type 'java.lang.String' in your configuration.


2017-10-01 15:41:03,001 ==== TestContextManager.java ==== thread: main ==== ERROR   >
org.springframework.test.context.TestContextManager.prepareTestInstance() => [] (line: 246)
	Caught exception while allowing TestExecutionListener [org.springframework.test.context.web.ServletTestExecutionListener@6f952d6c] to prepare test instance [com.example.aboutme.AboutmeApplicationTests@5965844d]

java.lang.IllegalStateException: Failed to load ApplicationContext
	at org.springframework.test.context.cache.DefaultCacheAwareContextLoaderDelegate.loadContext(DefaultCacheAwareContextLoaderDelegate.java:125) ~[spring-test-5.0.0.RC4.jar:5.0.0.RC4]
	at org.springframework.test.context.support.DefaultTestContext.getApplicationContext(DefaultTestContext.java:107) ~[spring-test-5.0.0.RC4.jar:5.0.0.RC4]
	at org.springframework.test.context.web.ServletTestExecutionListener.setUpRequestContextIfNecessary(ServletTestExecutionListener.java:190) ~[spring-test-5.0.0.RC4.jar:5.0.0.RC4]
	at org.springframework.test.context.web.ServletTestExecutionListener.prepareTestInstance(ServletTestExecutionListener.java:132) ~[spring-test-5.0.0.RC4.jar:5.0.0.RC4]
	at org.springframework.test.context.TestContextManager.prepareTestInstance(TestContextManager.java:242) [spring-test-5.0.0.RC4.jar:5.0.0.RC4]
	at org.springframework.test.context.junit4.SpringJUnit4ClassRunner.createTest(SpringJUnit4ClassRunner.java:227) [spring-test-5.0.0.RC4.jar:5.0.0.RC4]
	at org.springframework.test.context.junit4.SpringJUnit4ClassRunner$1.runReflectiveCall(SpringJUnit4ClassRunner.java:289) [spring-test-5.0.0.RC4.jar:5.0.0.RC4]
	at org.junit.internal.runners.model.ReflectiveCallable.run(ReflectiveCallable.java:12) [junit-4.12.jar:4.12]
	at org.springframework.test.context.junit4.SpringJUnit4ClassRunner.methodBlock(SpringJUnit4ClassRunner.java:291) [spring-test-5.0.0.RC4.jar:5.0.0.RC4]
	at org.springframework.test.context.junit4.SpringJUnit4ClassRunner.runChild(SpringJUnit4ClassRunner.java:246) [spring-test-5.0.0.RC4.jar:5.0.0.RC4]
	at org.springframework.test.context.junit4.SpringJUnit4ClassRunner.runChild(SpringJUnit4ClassRunner.java:97) [spring-test-5.0.0.RC4.jar:5.0.0.RC4]
	at org.junit.runners.ParentRunner$3.run(ParentRunner.java:290) [junit-4.12.jar:4.12]
	at org.junit.runners.ParentRunner$1.schedule(ParentRunner.java:71) [junit-4.12.jar:4.12]
	at org.junit.runners.ParentRunner.runChildren(ParentRunner.java:288) [junit-4.12.jar:4.12]
	at org.junit.runners.ParentRunner.access$000(ParentRunner.java:58) [junit-4.12.jar:4.12]
	at org.junit.runners.ParentRunner$2.evaluate(ParentRunner.java:268) [junit-4.12.jar:4.12]
	at org.junit.internal.runners.statements.RunBefores.evaluate(RunBefores.java:26) [junit-4.12.jar:4.12]
	at org.springframework.test.context.junit4.statements.RunBeforeTestClassCallbacks.evaluate(RunBeforeTestClassCallbacks.java:61) [spring-test-5.0.0.RC4.jar:5.0.0.RC4]
	at org.springframework.test.context.junit4.statements.RunAfterTestClassCallbacks.evaluate(RunAfterTestClassCallbacks.java:70) [spring-test-5.0.0.RC4.jar:5.0.0.RC4]
	at org.junit.runners.ParentRunner.run(ParentRunner.java:363) [junit-4.12.jar:4.12]
	at org.springframework.test.context.junit4.SpringJUnit4ClassRunner.run(SpringJUnit4ClassRunner.java:190) [spring-test-5.0.0.RC4.jar:5.0.0.RC4]
	at org.eclipse.jdt.internal.junit4.runner.JUnit4TestReference.run(JUnit4TestReference.java:86) [.cp/:?]
	at org.eclipse.jdt.internal.junit.runner.TestExecution.run(TestExecution.java:38) [.cp/:?]
	at org.eclipse.jdt.internal.junit.runner.RemoteTestRunner.runTests(RemoteTestRunner.java:459) [.cp/:?]
	at org.eclipse.jdt.internal.junit.runner.RemoteTestRunner.runTests(RemoteTestRunner.java:678) [.cp/:?]
	at org.eclipse.jdt.internal.junit.runner.RemoteTestRunner.run(RemoteTestRunner.java:382) [.cp/:?]
	at org.eclipse.jdt.internal.junit.runner.RemoteTestRunner.main(RemoteTestRunner.java:192) [.cp/:?]
Caused by: org.springframework.beans.factory.UnsatisfiedDependencyException: Error creating bean with name 'album' defined in file [C:\Users\heath\git\samples\aboutme\target\classes\com\example\aboutme\Album.class]: Unsatisfied dependency expressed through constructor parameter 0; nested exception is org.springframework.beans.factory.NoSuchBeanDefinitionException: No qualifying bean of type 'java.lang.String' available: expected at least 1 bean which qualifies as autowire candidate. Dependency annotations: {}
	at org.springframework.beans.factory.support.ConstructorResolver.createArgumentArray(ConstructorResolver.java:745) ~[spring-beans-5.0.0.RC4.jar:5.0.0.RC4]
	at org.springframework.beans.factory.support.ConstructorResolver.autowireConstructor(ConstructorResolver.java:214) ~[spring-beans-5.0.0.RC4.jar:5.0.0.RC4]
	at org.springframework.beans.factory.support.AbstractAutowireCapableBeanFactory.autowireConstructor(AbstractAutowireCapableBeanFactory.java:1269) ~[spring-beans-5.0.0.RC4.jar:5.0.0.RC4]
	at org.springframework.beans.factory.support.AbstractAutowireCapableBeanFactory.createBeanInstance(AbstractAutowireCapableBeanFactory.java:1126) ~[spring-beans-5.0.0.RC4.jar:5.0.0.RC4]
	at org.springframework.beans.factory.support.AbstractAutowireCapableBeanFactory.doCreateBean(AbstractAutowireCapableBeanFactory.java:545) ~[spring-beans-5.0.0.RC4.jar:5.0.0.RC4]
	at org.springframework.beans.factory.support.AbstractAutowireCapableBeanFactory.createBean(AbstractAutowireCapableBeanFactory.java:502) ~[spring-beans-5.0.0.RC4.jar:5.0.0.RC4]
	at org.springframework.beans.factory.support.AbstractBeanFactory.lambda$doGetBean$0(AbstractBeanFactory.java:312) ~[spring-beans-5.0.0.RC4.jar:5.0.0.RC4]
	at org.springframework.beans.factory.support.DefaultSingletonBeanRegistry.getSingleton(DefaultSingletonBeanRegistry.java:228) ~[spring-beans-5.0.0.RC4.jar:5.0.0.RC4]
	at org.springframework.beans.factory.support.AbstractBeanFactory.doGetBean(AbstractBeanFactory.java:310) ~[spring-beans-5.0.0.RC4.jar:5.0.0.RC4]
	at org.springframework.beans.factory.support.AbstractBeanFactory.getBean(AbstractBeanFactory.java:200) ~[spring-beans-5.0.0.RC4.jar:5.0.0.RC4]
	at org.springframework.beans.factory.support.DefaultListableBeanFactory.preInstantiateSingletons(DefaultListableBeanFactory.java:756) ~[spring-beans-5.0.0.RC4.jar:5.0.0.RC4]
	at org.springframework.context.support.AbstractApplicationContext.finishBeanFactoryInitialization(AbstractApplicationContext.java:868) ~[spring-context-5.0.0.RC4.jar:5.0.0.RC4]
	at org.springframework.context.support.AbstractApplicationContext.refresh(AbstractApplicationContext.java:549) ~[spring-context-5.0.0.RC4.jar:5.0.0.RC4]
	at org.springframework.boot.SpringApplication.refresh(SpringApplication.java:750) ~[spring-boot-2.0.0.M4.jar:2.0.0.M4]
	at org.springframework.boot.SpringApplication.refreshContext(SpringApplication.java:386) ~[spring-boot-2.0.0.M4.jar:2.0.0.M4]
	at org.springframework.boot.SpringApplication.run(SpringApplication.java:327) ~[spring-boot-2.0.0.M4.jar:2.0.0.M4]
	at org.springframework.boot.test.context.SpringBootContextLoader.loadContext(SpringBootContextLoader.java:138) ~[spring-boot-test-2.0.0.M4.jar:2.0.0.M4]
	at org.springframework.test.context.cache.DefaultCacheAwareContextLoaderDelegate.loadContextInternal(DefaultCacheAwareContextLoaderDelegate.java:99) ~[spring-test-5.0.0.RC4.jar:5.0.0.RC4]
	at org.springframework.test.context.cache.DefaultCacheAwareContextLoaderDelegate.loadContext(DefaultCacheAwareContextLoaderDelegate.java:117) ~[spring-test-5.0.0.RC4.jar:5.0.0.RC4]
	... 26 more
Caused by: org.springframework.beans.factory.NoSuchBeanDefinitionException: No qualifying bean of type 'java.lang.String' available: expected at least 1 bean which qualifies as autowire candidate. Dependency annotations: {}
	at org.springframework.beans.factory.support.DefaultListableBeanFactory.raiseNoMatchingBeanFound(DefaultListableBeanFactory.java:1501) ~[spring-beans-5.0.0.RC4.jar:5.0.0.RC4]
	at org.springframework.beans.factory.support.DefaultListableBeanFactory.doResolveDependency(DefaultListableBeanFactory.java:1099) ~[spring-beans-5.0.0.RC4.jar:5.0.0.RC4]
	at org.springframework.beans.factory.support.DefaultListableBeanFactory.resolveDependency(DefaultListableBeanFactory.java:1060) ~[spring-beans-5.0.0.RC4.jar:5.0.0.RC4]
	at org.springframework.beans.factory.support.ConstructorResolver.resolveAutowiredArgument(ConstructorResolver.java:832) ~[spring-beans-5.0.0.RC4.jar:5.0.0.RC4]
	at org.springframework.beans.factory.support.ConstructorResolver.createArgumentArray(ConstructorResolver.java:737) ~[spring-beans-5.0.0.RC4.jar:5.0.0.RC4]
	at org.springframework.beans.factory.support.ConstructorResolver.autowireConstructor(ConstructorResolver.java:214) ~[spring-beans-5.0.0.RC4.jar:5.0.0.RC4]
	at org.springframework.beans.factory.support.AbstractAutowireCapableBeanFactory.autowireConstructor(AbstractAutowireCapableBeanFactory.java:1269) ~[spring-beans-5.0.0.RC4.jar:5.0.0.RC4]
	at org.springframework.beans.factory.support.AbstractAutowireCapableBeanFactory.createBeanInstance(AbstractAutowireCapableBeanFactory.java:1126) ~[spring-beans-5.0.0.RC4.jar:5.0.0.RC4]
	at org.springframework.beans.factory.support.AbstractAutowireCapableBeanFactory.doCreateBean(AbstractAutowireCapableBeanFactory.java:545) ~[spring-beans-5.0.0.RC4.jar:5.0.0.RC4]
	at org.springframework.beans.factory.support.AbstractAutowireCapableBeanFactory.createBean(AbstractAutowireCapableBeanFactory.java:502) ~[spring-beans-5.0.0.RC4.jar:5.0.0.RC4]
	at org.springframework.beans.factory.support.AbstractBeanFactory.lambda$doGetBean$0(AbstractBeanFactory.java:312) ~[spring-beans-5.0.0.RC4.jar:5.0.0.RC4]
	at org.springframework.beans.factory.support.DefaultSingletonBeanRegistry.getSingleton(DefaultSingletonBeanRegistry.java:228) ~[spring-beans-5.0.0.RC4.jar:5.0.0.RC4]
	at org.springframework.beans.factory.support.AbstractBeanFactory.doGetBean(AbstractBeanFactory.java:310) ~[spring-beans-5.0.0.RC4.jar:5.0.0.RC4]
	at org.springframework.beans.factory.support.AbstractBeanFactory.getBean(AbstractBeanFactory.java:200) ~[spring-beans-5.0.0.RC4.jar:5.0.0.RC4]
	at org.springframework.beans.factory.support.DefaultListableBeanFactory.preInstantiateSingletons(DefaultListableBeanFactory.java:756) ~[spring-beans-5.0.0.RC4.jar:5.0.0.RC4]
	at org.springframework.context.support.AbstractApplicationContext.finishBeanFactoryInitialization(AbstractApplicationContext.java:868) ~[spring-context-5.0.0.RC4.jar:5.0.0.RC4]
	at org.springframework.context.support.AbstractApplicationContext.refresh(AbstractApplicationContext.java:549) ~[spring-context-5.0.0.RC4.jar:5.0.0.RC4]
	at org.springframework.boot.SpringApplication.refresh(SpringApplication.java:750) ~[spring-boot-2.0.0.M4.jar:2.0.0.M4]
	at org.springframework.boot.SpringApplication.refreshContext(SpringApplication.java:386) ~[spring-boot-2.0.0.M4.jar:2.0.0.M4]
	at org.springframework.boot.SpringApplication.run(SpringApplication.java:327) ~[spring-boot-2.0.0.M4.jar:2.0.0.M4]
	at org.springframework.boot.test.context.SpringBootContextLoader.loadContext(SpringBootContextLoader.java:138) ~[spring-boot-test-2.0.0.M4.jar:2.0.0.M4]
	at org.springframework.test.context.cache.DefaultCacheAwareContextLoaderDelegate.loadContextInternal(DefaultCacheAwareContextLoaderDelegate.java:99) ~[spring-test-5.0.0.RC4.jar:5.0.0.RC4]
	at org.springframework.test.context.cache.DefaultCacheAwareContextLoaderDelegate.loadContext(DefaultCacheAwareContextLoaderDelegate.java:117) ~[spring-test-5.0.0.RC4.jar:5.0.0.RC4]
	... 26 more
2017-10-01 15:42:56,780 ==== AbstractApplicationContext.java ==== thread: restartedMain ==== WARN    >
org.springframework.context.support.AbstractApplicationContext.refresh() => [] (line: 557)
	Exception encountered during context initialization - cancelling refresh attempt: org.springframework.beans.factory.UnsatisfiedDependencyException: Error creating bean with name 'album' defined in file [C:\Users\heath\git\samples\aboutme\target\classes\com\example\aboutme\Album.class]: Unsatisfied dependency expressed through constructor parameter 0; nested exception is org.springframework.beans.factory.NoSuchBeanDefinitionException: No qualifying bean of type 'java.lang.String' available: expected at least 1 bean which qualifies as autowire candidate. Dependency annotations: {}

2017-10-01 15:42:56,865 ==== LoggingFailureAnalysisReporter.java ==== thread: restartedMain ==== ERROR   >
org.springframework.boot.diagnostics.LoggingFailureAnalysisReporter.report() => [] (line: 42)
	

***************************
APPLICATION FAILED TO START
***************************

Description:

Parameter 0 of constructor in com.example.aboutme.Album required a bean of type 'java.lang.String' that could not be found.


Action:

Consider defining a bean of type 'java.lang.String' in your configuration.


2017-10-01 15:43:49,203 ==== AbstractApplicationContext.java ==== thread: restartedMain ==== WARN    >
org.springframework.context.support.AbstractApplicationContext.refresh() => [] (line: 557)
	Exception encountered during context initialization - cancelling refresh attempt: org.springframework.beans.factory.UnsatisfiedDependencyException: Error creating bean with name 'album' defined in file [C:\Users\heath\git\samples\aboutme\target\classes\com\example\aboutme\Album.class]: Unsatisfied dependency expressed through constructor parameter 0; nested exception is org.springframework.beans.factory.NoSuchBeanDefinitionException: No qualifying bean of type 'java.lang.String' available: expected at least 1 bean which qualifies as autowire candidate. Dependency annotations: {}

2017-10-01 15:43:49,282 ==== LoggingFailureAnalysisReporter.java ==== thread: restartedMain ==== ERROR   >
org.springframework.boot.diagnostics.LoggingFailureAnalysisReporter.report() => [] (line: 42)
	

***************************
APPLICATION FAILED TO START
***************************

Description:

Parameter 0 of constructor in com.example.aboutme.Album required a bean of type 'java.lang.String' that could not be found.


Action:

Consider defining a bean of type 'java.lang.String' in your configuration.


2017-10-01 15:52:32,906 ==== SpringApplication.java ==== thread: restartedMain ==== ERROR   >
org.springframework.boot.SpringApplication.reportFailure() => [] (line: 832)
	Application startup failed

java.lang.IllegalStateException: Failed to load property source from location 'classpath:/application.yml'
	at org.springframework.boot.context.config.ConfigFileApplicationListener$Loader.load(ConfigFileApplicationListener.java:475) ~[spring-boot-2.0.0.M4.jar:2.0.0.M4]
	at org.springframework.boot.context.config.ConfigFileApplicationListener$Loader.loadForFileExtension(ConfigFileApplicationListener.java:441) ~[spring-boot-2.0.0.M4.jar:2.0.0.M4]
	at org.springframework.boot.context.config.ConfigFileApplicationListener$Loader.load(ConfigFileApplicationListener.java:415) ~[spring-boot-2.0.0.M4.jar:2.0.0.M4]
	at org.springframework.boot.context.config.ConfigFileApplicationListener$Loader.load(ConfigFileApplicationListener.java:325) ~[spring-boot-2.0.0.M4.jar:2.0.0.M4]
	at org.springframework.boot.context.config.ConfigFileApplicationListener.addPropertySources(ConfigFileApplicationListener.java:201) ~[spring-boot-2.0.0.M4.jar:2.0.0.M4]
	at org.springframework.boot.context.config.ConfigFileApplicationListener.postProcessEnvironment(ConfigFileApplicationListener.java:184) ~[spring-boot-2.0.0.M4.jar:2.0.0.M4]
	at org.springframework.boot.context.config.ConfigFileApplicationListener.onApplicationEnvironmentPreparedEvent(ConfigFileApplicationListener.java:171) ~[spring-boot-2.0.0.M4.jar:2.0.0.M4]
	at org.springframework.boot.context.config.ConfigFileApplicationListener.onApplicationEvent(ConfigFileApplicationListener.java:157) ~[spring-boot-2.0.0.M4.jar:2.0.0.M4]
	at org.springframework.context.event.SimpleApplicationEventMulticaster.doInvokeListener(SimpleApplicationEventMulticaster.java:172) ~[spring-context-5.0.0.RC4.jar:5.0.0.RC4]
	at org.springframework.context.event.SimpleApplicationEventMulticaster.invokeListener(SimpleApplicationEventMulticaster.java:165) ~[spring-context-5.0.0.RC4.jar:5.0.0.RC4]
	at org.springframework.context.event.SimpleApplicationEventMulticaster.multicastEvent(SimpleApplicationEventMulticaster.java:139) ~[spring-context-5.0.0.RC4.jar:5.0.0.RC4]
	at org.springframework.context.event.SimpleApplicationEventMulticaster.multicastEvent(SimpleApplicationEventMulticaster.java:127) ~[spring-context-5.0.0.RC4.jar:5.0.0.RC4]
	at org.springframework.boot.context.event.EventPublishingRunListener.environmentPrepared(EventPublishingRunListener.java:73) ~[spring-boot-2.0.0.M4.jar:2.0.0.M4]
	at org.springframework.boot.SpringApplicationRunListeners.environmentPrepared(SpringApplicationRunListeners.java:54) ~[spring-boot-2.0.0.M4.jar:2.0.0.M4]
	at org.springframework.boot.SpringApplication.prepareEnvironment(SpringApplication.java:349) [spring-boot-2.0.0.M4.jar:2.0.0.M4]
	at org.springframework.boot.SpringApplication.run(SpringApplication.java:317) [spring-boot-2.0.0.M4.jar:2.0.0.M4]
	at org.springframework.boot.SpringApplication.run(SpringApplication.java:1245) [spring-boot-2.0.0.M4.jar:2.0.0.M4]
	at org.springframework.boot.SpringApplication.run(SpringApplication.java:1233) [spring-boot-2.0.0.M4.jar:2.0.0.M4]
	at com.example.aboutme.AboutmeApplication.main(AboutmeApplication.java:18) [classes/:?]
	at sun.reflect.NativeMethodAccessorImpl.invoke0(Native Method) ~[?:1.8.0_131]
	at sun.reflect.NativeMethodAccessorImpl.invoke(NativeMethodAccessorImpl.java:62) ~[?:1.8.0_131]
	at sun.reflect.DelegatingMethodAccessorImpl.invoke(DelegatingMethodAccessorImpl.java:43) ~[?:1.8.0_131]
	at java.lang.reflect.Method.invoke(Method.java:498) ~[?:1.8.0_131]
	at org.springframework.boot.devtools.restart.RestartLauncher.run(RestartLauncher.java:49) [spring-boot-devtools-2.0.0.M4.jar:2.0.0.M4]
Caused by: org.yaml.snakeyaml.scanner.ScannerException: while scanning a simple key
 in 'reader', line 18, column 3:
      ---
      ^
could not find expected ':'
 in 'reader', line 18, column 6:
    ---
       ^

	at org.yaml.snakeyaml.scanner.ScannerImpl.removePossibleSimpleKey(ScannerImpl.java:514) ~[snakeyaml-1.18.jar:?]
	at org.yaml.snakeyaml.scanner.ScannerImpl.fetchStreamEnd(ScannerImpl.java:588) ~[snakeyaml-1.18.jar:?]
	at org.yaml.snakeyaml.scanner.ScannerImpl.fetchMoreTokens(ScannerImpl.java:301) ~[snakeyaml-1.18.jar:?]
	at org.yaml.snakeyaml.scanner.ScannerImpl.checkToken(ScannerImpl.java:226) ~[snakeyaml-1.18.jar:?]
	at org.yaml.snakeyaml.parser.ParserImpl$ParseBlockMappingKey.produce(ParserImpl.java:557) ~[snakeyaml-1.18.jar:?]
	at org.yaml.snakeyaml.parser.ParserImpl.peekEvent(ParserImpl.java:157) ~[snakeyaml-1.18.jar:?]
	at org.yaml.snakeyaml.parser.ParserImpl.checkEvent(ParserImpl.java:147) ~[snakeyaml-1.18.jar:?]
	at org.yaml.snakeyaml.composer.Composer.composeMappingNode(Composer.java:224) ~[snakeyaml-1.18.jar:?]
	at org.yaml.snakeyaml.composer.Composer.composeNode(Composer.java:154) ~[snakeyaml-1.18.jar:?]
	at org.yaml.snakeyaml.composer.Composer.composeValueNode(Composer.java:246) ~[snakeyaml-1.18.jar:?]
	at org.yaml.snakeyaml.composer.Composer.composeMappingChildren(Composer.java:237) ~[snakeyaml-1.18.jar:?]
	at org.yaml.snakeyaml.composer.Composer.composeMappingNode(Composer.java:225) ~[snakeyaml-1.18.jar:?]
	at org.yaml.snakeyaml.composer.Composer.composeNode(Composer.java:154) ~[snakeyaml-1.18.jar:?]
	at org.yaml.snakeyaml.composer.Composer.composeDocument(Composer.java:122) ~[snakeyaml-1.18.jar:?]
	at org.yaml.snakeyaml.composer.Composer.getNode(Composer.java:84) ~[snakeyaml-1.18.jar:?]
	at org.yaml.snakeyaml.constructor.BaseConstructor.getData(BaseConstructor.java:105) ~[snakeyaml-1.18.jar:?]
	at org.yaml.snakeyaml.Yaml$1.next(Yaml.java:526) ~[snakeyaml-1.18.jar:?]
	at org.springframework.beans.factory.config.YamlProcessor.process(YamlProcessor.java:161) ~[spring-beans-5.0.0.RC4.jar:5.0.0.RC4]
	at org.springframework.beans.factory.config.YamlProcessor.process(YamlProcessor.java:139) ~[spring-beans-5.0.0.RC4.jar:5.0.0.RC4]
	at org.springframework.boot.env.OriginTrackedYamlLoader.load(OriginTrackedYamlLoader.java:82) ~[spring-boot-2.0.0.M4.jar:2.0.0.M4]
	at org.springframework.boot.env.YamlPropertySourceLoader.load(YamlPropertySourceLoader.java:48) ~[spring-boot-2.0.0.M4.jar:2.0.0.M4]
	at org.springframework.boot.context.config.ConfigFileApplicationListener$Loader.load(ConfigFileApplicationListener.java:464) ~[spring-boot-2.0.0.M4.jar:2.0.0.M4]
	... 23 more
2017-10-01 15:52:36,348 ==== SpringApplication.java ==== thread: restartedMain ==== ERROR   >
org.springframework.boot.SpringApplication.reportFailure() => [] (line: 832)
	Application startup failed

java.lang.IllegalStateException: Failed to load property source from location 'classpath:/application.yml'
	at org.springframework.boot.context.config.ConfigFileApplicationListener$Loader.load(ConfigFileApplicationListener.java:475) ~[spring-boot-2.0.0.M4.jar:2.0.0.M4]
	at org.springframework.boot.context.config.ConfigFileApplicationListener$Loader.loadForFileExtension(ConfigFileApplicationListener.java:441) ~[spring-boot-2.0.0.M4.jar:2.0.0.M4]
	at org.springframework.boot.context.config.ConfigFileApplicationListener$Loader.load(ConfigFileApplicationListener.java:415) ~[spring-boot-2.0.0.M4.jar:2.0.0.M4]
	at org.springframework.boot.context.config.ConfigFileApplicationListener$Loader.load(ConfigFileApplicationListener.java:325) ~[spring-boot-2.0.0.M4.jar:2.0.0.M4]
	at org.springframework.boot.context.config.ConfigFileApplicationListener.addPropertySources(ConfigFileApplicationListener.java:201) ~[spring-boot-2.0.0.M4.jar:2.0.0.M4]
	at org.springframework.boot.context.config.ConfigFileApplicationListener.postProcessEnvironment(ConfigFileApplicationListener.java:184) ~[spring-boot-2.0.0.M4.jar:2.0.0.M4]
	at org.springframework.boot.context.config.ConfigFileApplicationListener.onApplicationEnvironmentPreparedEvent(ConfigFileApplicationListener.java:171) ~[spring-boot-2.0.0.M4.jar:2.0.0.M4]
	at org.springframework.boot.context.config.ConfigFileApplicationListener.onApplicationEvent(ConfigFileApplicationListener.java:157) ~[spring-boot-2.0.0.M4.jar:2.0.0.M4]
	at org.springframework.context.event.SimpleApplicationEventMulticaster.doInvokeListener(SimpleApplicationEventMulticaster.java:172) ~[spring-context-5.0.0.RC4.jar:5.0.0.RC4]
	at org.springframework.context.event.SimpleApplicationEventMulticaster.invokeListener(SimpleApplicationEventMulticaster.java:165) ~[spring-context-5.0.0.RC4.jar:5.0.0.RC4]
	at org.springframework.context.event.SimpleApplicationEventMulticaster.multicastEvent(SimpleApplicationEventMulticaster.java:139) ~[spring-context-5.0.0.RC4.jar:5.0.0.RC4]
	at org.springframework.context.event.SimpleApplicationEventMulticaster.multicastEvent(SimpleApplicationEventMulticaster.java:127) ~[spring-context-5.0.0.RC4.jar:5.0.0.RC4]
	at org.springframework.boot.context.event.EventPublishingRunListener.environmentPrepared(EventPublishingRunListener.java:73) ~[spring-boot-2.0.0.M4.jar:2.0.0.M4]
	at org.springframework.boot.SpringApplicationRunListeners.environmentPrepared(SpringApplicationRunListeners.java:54) ~[spring-boot-2.0.0.M4.jar:2.0.0.M4]
	at org.springframework.boot.SpringApplication.prepareEnvironment(SpringApplication.java:349) [spring-boot-2.0.0.M4.jar:2.0.0.M4]
	at org.springframework.boot.SpringApplication.run(SpringApplication.java:317) [spring-boot-2.0.0.M4.jar:2.0.0.M4]
	at org.springframework.boot.SpringApplication.run(SpringApplication.java:1245) [spring-boot-2.0.0.M4.jar:2.0.0.M4]
	at org.springframework.boot.SpringApplication.run(SpringApplication.java:1233) [spring-boot-2.0.0.M4.jar:2.0.0.M4]
	at com.example.aboutme.AboutmeApplication.main(AboutmeApplication.java:18) [classes/:?]
	at sun.reflect.NativeMethodAccessorImpl.invoke0(Native Method) ~[?:1.8.0_131]
	at sun.reflect.NativeMethodAccessorImpl.invoke(NativeMethodAccessorImpl.java:62) ~[?:1.8.0_131]
	at sun.reflect.DelegatingMethodAccessorImpl.invoke(DelegatingMethodAccessorImpl.java:43) ~[?:1.8.0_131]
	at java.lang.reflect.Method.invoke(Method.java:498) ~[?:1.8.0_131]
	at org.springframework.boot.devtools.restart.RestartLauncher.run(RestartLauncher.java:49) [spring-boot-devtools-2.0.0.M4.jar:2.0.0.M4]
Caused by: org.yaml.snakeyaml.scanner.ScannerException: while scanning a simple key
 in 'reader', line 18, column 3:
      ---
      ^
could not find expected ':'
 in 'reader', line 20, column 3:
      
      ^

	at org.yaml.snakeyaml.scanner.ScannerImpl.stalePossibleSimpleKeys(ScannerImpl.java:465) ~[snakeyaml-1.18.jar:?]
	at org.yaml.snakeyaml.scanner.ScannerImpl.needMoreTokens(ScannerImpl.java:280) ~[snakeyaml-1.18.jar:?]
	at org.yaml.snakeyaml.scanner.ScannerImpl.checkToken(ScannerImpl.java:225) ~[snakeyaml-1.18.jar:?]
	at org.yaml.snakeyaml.parser.ParserImpl$ParseBlockMappingKey.produce(ParserImpl.java:557) ~[snakeyaml-1.18.jar:?]
	at org.yaml.snakeyaml.parser.ParserImpl.peekEvent(ParserImpl.java:157) ~[snakeyaml-1.18.jar:?]
	at org.yaml.snakeyaml.parser.ParserImpl.checkEvent(ParserImpl.java:147) ~[snakeyaml-1.18.jar:?]
	at org.yaml.snakeyaml.composer.Composer.composeMappingNode(Composer.java:224) ~[snakeyaml-1.18.jar:?]
	at org.yaml.snakeyaml.composer.Composer.composeNode(Composer.java:154) ~[snakeyaml-1.18.jar:?]
	at org.yaml.snakeyaml.composer.Composer.composeValueNode(Composer.java:246) ~[snakeyaml-1.18.jar:?]
	at org.yaml.snakeyaml.composer.Composer.composeMappingChildren(Composer.java:237) ~[snakeyaml-1.18.jar:?]
	at org.yaml.snakeyaml.composer.Composer.composeMappingNode(Composer.java:225) ~[snakeyaml-1.18.jar:?]
	at org.yaml.snakeyaml.composer.Composer.composeNode(Composer.java:154) ~[snakeyaml-1.18.jar:?]
	at org.yaml.snakeyaml.composer.Composer.composeDocument(Composer.java:122) ~[snakeyaml-1.18.jar:?]
	at org.yaml.snakeyaml.composer.Composer.getNode(Composer.java:84) ~[snakeyaml-1.18.jar:?]
	at org.yaml.snakeyaml.constructor.BaseConstructor.getData(BaseConstructor.java:105) ~[snakeyaml-1.18.jar:?]
	at org.yaml.snakeyaml.Yaml$1.next(Yaml.java:526) ~[snakeyaml-1.18.jar:?]
	at org.springframework.beans.factory.config.YamlProcessor.process(YamlProcessor.java:161) ~[spring-beans-5.0.0.RC4.jar:5.0.0.RC4]
	at org.springframework.beans.factory.config.YamlProcessor.process(YamlProcessor.java:139) ~[spring-beans-5.0.0.RC4.jar:5.0.0.RC4]
	at org.springframework.boot.env.OriginTrackedYamlLoader.load(OriginTrackedYamlLoader.java:82) ~[spring-boot-2.0.0.M4.jar:2.0.0.M4]
	at org.springframework.boot.env.YamlPropertySourceLoader.load(YamlPropertySourceLoader.java:48) ~[spring-boot-2.0.0.M4.jar:2.0.0.M4]
	at org.springframework.boot.context.config.ConfigFileApplicationListener$Loader.load(ConfigFileApplicationListener.java:464) ~[spring-boot-2.0.0.M4.jar:2.0.0.M4]
	... 23 more
2017-10-01 15:52:49,925 ==== SpringApplication.java ==== thread: restartedMain ==== ERROR   >
org.springframework.boot.SpringApplication.reportFailure() => [] (line: 832)
	Application startup failed

java.lang.IllegalStateException: Failed to load property source from location 'classpath:/application.yml'
	at org.springframework.boot.context.config.ConfigFileApplicationListener$Loader.load(ConfigFileApplicationListener.java:475) ~[spring-boot-2.0.0.M4.jar:2.0.0.M4]
	at org.springframework.boot.context.config.ConfigFileApplicationListener$Loader.loadForFileExtension(ConfigFileApplicationListener.java:441) ~[spring-boot-2.0.0.M4.jar:2.0.0.M4]
	at org.springframework.boot.context.config.ConfigFileApplicationListener$Loader.load(ConfigFileApplicationListener.java:415) ~[spring-boot-2.0.0.M4.jar:2.0.0.M4]
	at org.springframework.boot.context.config.ConfigFileApplicationListener$Loader.load(ConfigFileApplicationListener.java:325) ~[spring-boot-2.0.0.M4.jar:2.0.0.M4]
	at org.springframework.boot.context.config.ConfigFileApplicationListener.addPropertySources(ConfigFileApplicationListener.java:201) ~[spring-boot-2.0.0.M4.jar:2.0.0.M4]
	at org.springframework.boot.context.config.ConfigFileApplicationListener.postProcessEnvironment(ConfigFileApplicationListener.java:184) ~[spring-boot-2.0.0.M4.jar:2.0.0.M4]
	at org.springframework.boot.context.config.ConfigFileApplicationListener.onApplicationEnvironmentPreparedEvent(ConfigFileApplicationListener.java:171) ~[spring-boot-2.0.0.M4.jar:2.0.0.M4]
	at org.springframework.boot.context.config.ConfigFileApplicationListener.onApplicationEvent(ConfigFileApplicationListener.java:157) ~[spring-boot-2.0.0.M4.jar:2.0.0.M4]
	at org.springframework.context.event.SimpleApplicationEventMulticaster.doInvokeListener(SimpleApplicationEventMulticaster.java:172) ~[spring-context-5.0.0.RC4.jar:5.0.0.RC4]
	at org.springframework.context.event.SimpleApplicationEventMulticaster.invokeListener(SimpleApplicationEventMulticaster.java:165) ~[spring-context-5.0.0.RC4.jar:5.0.0.RC4]
	at org.springframework.context.event.SimpleApplicationEventMulticaster.multicastEvent(SimpleApplicationEventMulticaster.java:139) ~[spring-context-5.0.0.RC4.jar:5.0.0.RC4]
	at org.springframework.context.event.SimpleApplicationEventMulticaster.multicastEvent(SimpleApplicationEventMulticaster.java:127) ~[spring-context-5.0.0.RC4.jar:5.0.0.RC4]
	at org.springframework.boot.context.event.EventPublishingRunListener.environmentPrepared(EventPublishingRunListener.java:73) ~[spring-boot-2.0.0.M4.jar:2.0.0.M4]
	at org.springframework.boot.SpringApplicationRunListeners.environmentPrepared(SpringApplicationRunListeners.java:54) ~[spring-boot-2.0.0.M4.jar:2.0.0.M4]
	at org.springframework.boot.SpringApplication.prepareEnvironment(SpringApplication.java:349) [spring-boot-2.0.0.M4.jar:2.0.0.M4]
	at org.springframework.boot.SpringApplication.run(SpringApplication.java:317) [spring-boot-2.0.0.M4.jar:2.0.0.M4]
	at org.springframework.boot.SpringApplication.run(SpringApplication.java:1245) [spring-boot-2.0.0.M4.jar:2.0.0.M4]
	at org.springframework.boot.SpringApplication.run(SpringApplication.java:1233) [spring-boot-2.0.0.M4.jar:2.0.0.M4]
	at com.example.aboutme.AboutmeApplication.main(AboutmeApplication.java:18) [classes/:?]
	at sun.reflect.NativeMethodAccessorImpl.invoke0(Native Method) ~[?:1.8.0_131]
	at sun.reflect.NativeMethodAccessorImpl.invoke(NativeMethodAccessorImpl.java:62) ~[?:1.8.0_131]
	at sun.reflect.DelegatingMethodAccessorImpl.invoke(DelegatingMethodAccessorImpl.java:43) ~[?:1.8.0_131]
	at java.lang.reflect.Method.invoke(Method.java:498) ~[?:1.8.0_131]
	at org.springframework.boot.devtools.restart.RestartLauncher.run(RestartLauncher.java:49) [spring-boot-devtools-2.0.0.M4.jar:2.0.0.M4]
Caused by: org.yaml.snakeyaml.scanner.ScannerException: while scanning a simple key
 in 'reader', line 18, column 3:
      ---
      ^
could not find expected ':'
 in 'reader', line 20, column 3:
      
      ^

	at org.yaml.snakeyaml.scanner.ScannerImpl.stalePossibleSimpleKeys(ScannerImpl.java:465) ~[snakeyaml-1.18.jar:?]
	at org.yaml.snakeyaml.scanner.ScannerImpl.needMoreTokens(ScannerImpl.java:280) ~[snakeyaml-1.18.jar:?]
	at org.yaml.snakeyaml.scanner.ScannerImpl.checkToken(ScannerImpl.java:225) ~[snakeyaml-1.18.jar:?]
	at org.yaml.snakeyaml.parser.ParserImpl$ParseBlockMappingKey.produce(ParserImpl.java:557) ~[snakeyaml-1.18.jar:?]
	at org.yaml.snakeyaml.parser.ParserImpl.peekEvent(ParserImpl.java:157) ~[snakeyaml-1.18.jar:?]
	at org.yaml.snakeyaml.parser.ParserImpl.checkEvent(ParserImpl.java:147) ~[snakeyaml-1.18.jar:?]
	at org.yaml.snakeyaml.composer.Composer.composeMappingNode(Composer.java:224) ~[snakeyaml-1.18.jar:?]
	at org.yaml.snakeyaml.composer.Composer.composeNode(Composer.java:154) ~[snakeyaml-1.18.jar:?]
	at org.yaml.snakeyaml.composer.Composer.composeValueNode(Composer.java:246) ~[snakeyaml-1.18.jar:?]
	at org.yaml.snakeyaml.composer.Composer.composeMappingChildren(Composer.java:237) ~[snakeyaml-1.18.jar:?]
	at org.yaml.snakeyaml.composer.Composer.composeMappingNode(Composer.java:225) ~[snakeyaml-1.18.jar:?]
	at org.yaml.snakeyaml.composer.Composer.composeNode(Composer.java:154) ~[snakeyaml-1.18.jar:?]
	at org.yaml.snakeyaml.composer.Composer.composeDocument(Composer.java:122) ~[snakeyaml-1.18.jar:?]
	at org.yaml.snakeyaml.composer.Composer.getNode(Composer.java:84) ~[snakeyaml-1.18.jar:?]
	at org.yaml.snakeyaml.constructor.BaseConstructor.getData(BaseConstructor.java:105) ~[snakeyaml-1.18.jar:?]
	at org.yaml.snakeyaml.Yaml$1.next(Yaml.java:526) ~[snakeyaml-1.18.jar:?]
	at org.springframework.beans.factory.config.YamlProcessor.process(YamlProcessor.java:161) ~[spring-beans-5.0.0.RC4.jar:5.0.0.RC4]
	at org.springframework.beans.factory.config.YamlProcessor.process(YamlProcessor.java:139) ~[spring-beans-5.0.0.RC4.jar:5.0.0.RC4]
	at org.springframework.boot.env.OriginTrackedYamlLoader.load(OriginTrackedYamlLoader.java:82) ~[spring-boot-2.0.0.M4.jar:2.0.0.M4]
	at org.springframework.boot.env.YamlPropertySourceLoader.load(YamlPropertySourceLoader.java:48) ~[spring-boot-2.0.0.M4.jar:2.0.0.M4]
	at org.springframework.boot.context.config.ConfigFileApplicationListener$Loader.load(ConfigFileApplicationListener.java:464) ~[spring-boot-2.0.0.M4.jar:2.0.0.M4]
	... 23 more
2017-10-01 15:52:58,532 ==== SpringApplication.java ==== thread: restartedMain ==== ERROR   >
org.springframework.boot.SpringApplication.reportFailure() => [] (line: 832)
	Application startup failed

java.lang.IllegalStateException: Failed to load property source from location 'classpath:/application.yml'
	at org.springframework.boot.context.config.ConfigFileApplicationListener$Loader.load(ConfigFileApplicationListener.java:475) ~[spring-boot-2.0.0.M4.jar:2.0.0.M4]
	at org.springframework.boot.context.config.ConfigFileApplicationListener$Loader.loadForFileExtension(ConfigFileApplicationListener.java:441) ~[spring-boot-2.0.0.M4.jar:2.0.0.M4]
	at org.springframework.boot.context.config.ConfigFileApplicationListener$Loader.load(ConfigFileApplicationListener.java:415) ~[spring-boot-2.0.0.M4.jar:2.0.0.M4]
	at org.springframework.boot.context.config.ConfigFileApplicationListener$Loader.load(ConfigFileApplicationListener.java:325) ~[spring-boot-2.0.0.M4.jar:2.0.0.M4]
	at org.springframework.boot.context.config.ConfigFileApplicationListener.addPropertySources(ConfigFileApplicationListener.java:201) ~[spring-boot-2.0.0.M4.jar:2.0.0.M4]
	at org.springframework.boot.context.config.ConfigFileApplicationListener.postProcessEnvironment(ConfigFileApplicationListener.java:184) ~[spring-boot-2.0.0.M4.jar:2.0.0.M4]
	at org.springframework.boot.context.config.ConfigFileApplicationListener.onApplicationEnvironmentPreparedEvent(ConfigFileApplicationListener.java:171) ~[spring-boot-2.0.0.M4.jar:2.0.0.M4]
	at org.springframework.boot.context.config.ConfigFileApplicationListener.onApplicationEvent(ConfigFileApplicationListener.java:157) ~[spring-boot-2.0.0.M4.jar:2.0.0.M4]
	at org.springframework.context.event.SimpleApplicationEventMulticaster.doInvokeListener(SimpleApplicationEventMulticaster.java:172) ~[spring-context-5.0.0.RC4.jar:5.0.0.RC4]
	at org.springframework.context.event.SimpleApplicationEventMulticaster.invokeListener(SimpleApplicationEventMulticaster.java:165) ~[spring-context-5.0.0.RC4.jar:5.0.0.RC4]
	at org.springframework.context.event.SimpleApplicationEventMulticaster.multicastEvent(SimpleApplicationEventMulticaster.java:139) ~[spring-context-5.0.0.RC4.jar:5.0.0.RC4]
	at org.springframework.context.event.SimpleApplicationEventMulticaster.multicastEvent(SimpleApplicationEventMulticaster.java:127) ~[spring-context-5.0.0.RC4.jar:5.0.0.RC4]
	at org.springframework.boot.context.event.EventPublishingRunListener.environmentPrepared(EventPublishingRunListener.java:73) ~[spring-boot-2.0.0.M4.jar:2.0.0.M4]
	at org.springframework.boot.SpringApplicationRunListeners.environmentPrepared(SpringApplicationRunListeners.java:54) ~[spring-boot-2.0.0.M4.jar:2.0.0.M4]
	at org.springframework.boot.SpringApplication.prepareEnvironment(SpringApplication.java:349) [spring-boot-2.0.0.M4.jar:2.0.0.M4]
	at org.springframework.boot.SpringApplication.run(SpringApplication.java:317) [spring-boot-2.0.0.M4.jar:2.0.0.M4]
	at org.springframework.boot.SpringApplication.run(SpringApplication.java:1245) [spring-boot-2.0.0.M4.jar:2.0.0.M4]
	at org.springframework.boot.SpringApplication.run(SpringApplication.java:1233) [spring-boot-2.0.0.M4.jar:2.0.0.M4]
	at com.example.aboutme.AboutmeApplication.main(AboutmeApplication.java:18) [classes/:?]
	at sun.reflect.NativeMethodAccessorImpl.invoke0(Native Method) ~[?:1.8.0_131]
	at sun.reflect.NativeMethodAccessorImpl.invoke(NativeMethodAccessorImpl.java:62) ~[?:1.8.0_131]
	at sun.reflect.DelegatingMethodAccessorImpl.invoke(DelegatingMethodAccessorImpl.java:43) ~[?:1.8.0_131]
	at java.lang.reflect.Method.invoke(Method.java:498) ~[?:1.8.0_131]
	at org.springframework.boot.devtools.restart.RestartLauncher.run(RestartLauncher.java:49) [spring-boot-devtools-2.0.0.M4.jar:2.0.0.M4]
Caused by: org.yaml.snakeyaml.scanner.ScannerException: while scanning a simple key
 in 'reader', line 19, column 3:
      ---
      ^
could not find expected ':'
 in 'reader', line 21, column 3:
      
      ^

	at org.yaml.snakeyaml.scanner.ScannerImpl.stalePossibleSimpleKeys(ScannerImpl.java:465) ~[snakeyaml-1.18.jar:?]
	at org.yaml.snakeyaml.scanner.ScannerImpl.needMoreTokens(ScannerImpl.java:280) ~[snakeyaml-1.18.jar:?]
	at org.yaml.snakeyaml.scanner.ScannerImpl.checkToken(ScannerImpl.java:225) ~[snakeyaml-1.18.jar:?]
	at org.yaml.snakeyaml.parser.ParserImpl$ParseBlockMappingKey.produce(ParserImpl.java:557) ~[snakeyaml-1.18.jar:?]
	at org.yaml.snakeyaml.parser.ParserImpl.peekEvent(ParserImpl.java:157) ~[snakeyaml-1.18.jar:?]
	at org.yaml.snakeyaml.parser.ParserImpl.checkEvent(ParserImpl.java:147) ~[snakeyaml-1.18.jar:?]
	at org.yaml.snakeyaml.composer.Composer.composeMappingNode(Composer.java:224) ~[snakeyaml-1.18.jar:?]
	at org.yaml.snakeyaml.composer.Composer.composeNode(Composer.java:154) ~[snakeyaml-1.18.jar:?]
	at org.yaml.snakeyaml.composer.Composer.composeValueNode(Composer.java:246) ~[snakeyaml-1.18.jar:?]
	at org.yaml.snakeyaml.composer.Composer.composeMappingChildren(Composer.java:237) ~[snakeyaml-1.18.jar:?]
	at org.yaml.snakeyaml.composer.Composer.composeMappingNode(Composer.java:225) ~[snakeyaml-1.18.jar:?]
	at org.yaml.snakeyaml.composer.Composer.composeNode(Composer.java:154) ~[snakeyaml-1.18.jar:?]
	at org.yaml.snakeyaml.composer.Composer.composeDocument(Composer.java:122) ~[snakeyaml-1.18.jar:?]
	at org.yaml.snakeyaml.composer.Composer.getNode(Composer.java:84) ~[snakeyaml-1.18.jar:?]
	at org.yaml.snakeyaml.constructor.BaseConstructor.getData(BaseConstructor.java:105) ~[snakeyaml-1.18.jar:?]
	at org.yaml.snakeyaml.Yaml$1.next(Yaml.java:526) ~[snakeyaml-1.18.jar:?]
	at org.springframework.beans.factory.config.YamlProcessor.process(YamlProcessor.java:161) ~[spring-beans-5.0.0.RC4.jar:5.0.0.RC4]
	at org.springframework.beans.factory.config.YamlProcessor.process(YamlProcessor.java:139) ~[spring-beans-5.0.0.RC4.jar:5.0.0.RC4]
	at org.springframework.boot.env.OriginTrackedYamlLoader.load(OriginTrackedYamlLoader.java:82) ~[spring-boot-2.0.0.M4.jar:2.0.0.M4]
	at org.springframework.boot.env.YamlPropertySourceLoader.load(YamlPropertySourceLoader.java:48) ~[spring-boot-2.0.0.M4.jar:2.0.0.M4]
	at org.springframework.boot.context.config.ConfigFileApplicationListener$Loader.load(ConfigFileApplicationListener.java:464) ~[spring-boot-2.0.0.M4.jar:2.0.0.M4]
	... 23 more
2017-10-01 15:53:07,067 ==== SpringApplication.java ==== thread: restartedMain ==== ERROR   >
org.springframework.boot.SpringApplication.reportFailure() => [] (line: 832)
	Application startup failed

java.lang.IllegalStateException: Failed to load property source from location 'classpath:/application.yml'
	at org.springframework.boot.context.config.ConfigFileApplicationListener$Loader.load(ConfigFileApplicationListener.java:475) ~[spring-boot-2.0.0.M4.jar:2.0.0.M4]
	at org.springframework.boot.context.config.ConfigFileApplicationListener$Loader.loadForFileExtension(ConfigFileApplicationListener.java:441) ~[spring-boot-2.0.0.M4.jar:2.0.0.M4]
	at org.springframework.boot.context.config.ConfigFileApplicationListener$Loader.load(ConfigFileApplicationListener.java:415) ~[spring-boot-2.0.0.M4.jar:2.0.0.M4]
	at org.springframework.boot.context.config.ConfigFileApplicationListener$Loader.load(ConfigFileApplicationListener.java:325) ~[spring-boot-2.0.0.M4.jar:2.0.0.M4]
	at org.springframework.boot.context.config.ConfigFileApplicationListener.addPropertySources(ConfigFileApplicationListener.java:201) ~[spring-boot-2.0.0.M4.jar:2.0.0.M4]
	at org.springframework.boot.context.config.ConfigFileApplicationListener.postProcessEnvironment(ConfigFileApplicationListener.java:184) ~[spring-boot-2.0.0.M4.jar:2.0.0.M4]
	at org.springframework.boot.context.config.ConfigFileApplicationListener.onApplicationEnvironmentPreparedEvent(ConfigFileApplicationListener.java:171) ~[spring-boot-2.0.0.M4.jar:2.0.0.M4]
	at org.springframework.boot.context.config.ConfigFileApplicationListener.onApplicationEvent(ConfigFileApplicationListener.java:157) ~[spring-boot-2.0.0.M4.jar:2.0.0.M4]
	at org.springframework.context.event.SimpleApplicationEventMulticaster.doInvokeListener(SimpleApplicationEventMulticaster.java:172) ~[spring-context-5.0.0.RC4.jar:5.0.0.RC4]
	at org.springframework.context.event.SimpleApplicationEventMulticaster.invokeListener(SimpleApplicationEventMulticaster.java:165) ~[spring-context-5.0.0.RC4.jar:5.0.0.RC4]
	at org.springframework.context.event.SimpleApplicationEventMulticaster.multicastEvent(SimpleApplicationEventMulticaster.java:139) ~[spring-context-5.0.0.RC4.jar:5.0.0.RC4]
	at org.springframework.context.event.SimpleApplicationEventMulticaster.multicastEvent(SimpleApplicationEventMulticaster.java:127) ~[spring-context-5.0.0.RC4.jar:5.0.0.RC4]
	at org.springframework.boot.context.event.EventPublishingRunListener.environmentPrepared(EventPublishingRunListener.java:73) ~[spring-boot-2.0.0.M4.jar:2.0.0.M4]
	at org.springframework.boot.SpringApplicationRunListeners.environmentPrepared(SpringApplicationRunListeners.java:54) ~[spring-boot-2.0.0.M4.jar:2.0.0.M4]
	at org.springframework.boot.SpringApplication.prepareEnvironment(SpringApplication.java:349) [spring-boot-2.0.0.M4.jar:2.0.0.M4]
	at org.springframework.boot.SpringApplication.run(SpringApplication.java:317) [spring-boot-2.0.0.M4.jar:2.0.0.M4]
	at org.springframework.boot.SpringApplication.run(SpringApplication.java:1245) [spring-boot-2.0.0.M4.jar:2.0.0.M4]
	at org.springframework.boot.SpringApplication.run(SpringApplication.java:1233) [spring-boot-2.0.0.M4.jar:2.0.0.M4]
	at com.example.aboutme.AboutmeApplication.main(AboutmeApplication.java:18) [classes/:?]
	at sun.reflect.NativeMethodAccessorImpl.invoke0(Native Method) ~[?:1.8.0_131]
	at sun.reflect.NativeMethodAccessorImpl.invoke(NativeMethodAccessorImpl.java:62) ~[?:1.8.0_131]
	at sun.reflect.DelegatingMethodAccessorImpl.invoke(DelegatingMethodAccessorImpl.java:43) ~[?:1.8.0_131]
	at java.lang.reflect.Method.invoke(Method.java:498) ~[?:1.8.0_131]
	at org.springframework.boot.devtools.restart.RestartLauncher.run(RestartLauncher.java:49) [spring-boot-devtools-2.0.0.M4.jar:2.0.0.M4]
Caused by: org.yaml.snakeyaml.parser.ParserException: while parsing a block mapping
 in 'reader', line 8, column 1:
    server:
    ^
expected <block end>, but found Scalar
 in 'reader', line 19, column 2:
     ---
     ^

	at org.yaml.snakeyaml.parser.ParserImpl$ParseBlockMappingKey.produce(ParserImpl.java:569) ~[snakeyaml-1.18.jar:?]
	at org.yaml.snakeyaml.parser.ParserImpl.peekEvent(ParserImpl.java:157) ~[snakeyaml-1.18.jar:?]
	at org.yaml.snakeyaml.parser.ParserImpl.checkEvent(ParserImpl.java:147) ~[snakeyaml-1.18.jar:?]
	at org.yaml.snakeyaml.composer.Composer.composeMappingNode(Composer.java:224) ~[snakeyaml-1.18.jar:?]
	at org.yaml.snakeyaml.composer.Composer.composeNode(Composer.java:154) ~[snakeyaml-1.18.jar:?]
	at org.yaml.snakeyaml.composer.Composer.composeDocument(Composer.java:122) ~[snakeyaml-1.18.jar:?]
	at org.yaml.snakeyaml.composer.Composer.getNode(Composer.java:84) ~[snakeyaml-1.18.jar:?]
	at org.yaml.snakeyaml.constructor.BaseConstructor.getData(BaseConstructor.java:105) ~[snakeyaml-1.18.jar:?]
	at org.yaml.snakeyaml.Yaml$1.next(Yaml.java:526) ~[snakeyaml-1.18.jar:?]
	at org.springframework.beans.factory.config.YamlProcessor.process(YamlProcessor.java:161) ~[spring-beans-5.0.0.RC4.jar:5.0.0.RC4]
	at org.springframework.beans.factory.config.YamlProcessor.process(YamlProcessor.java:139) ~[spring-beans-5.0.0.RC4.jar:5.0.0.RC4]
	at org.springframework.boot.env.OriginTrackedYamlLoader.load(OriginTrackedYamlLoader.java:82) ~[spring-boot-2.0.0.M4.jar:2.0.0.M4]
	at org.springframework.boot.env.YamlPropertySourceLoader.load(YamlPropertySourceLoader.java:48) ~[spring-boot-2.0.0.M4.jar:2.0.0.M4]
	at org.springframework.boot.context.config.ConfigFileApplicationListener$Loader.load(ConfigFileApplicationListener.java:464) ~[spring-boot-2.0.0.M4.jar:2.0.0.M4]
	... 23 more
